#
# A fatal error has been detected by the Java Runtime Environment:
#
#  Internal Error (exceptions.cpp:464), pid=20274, tid=20279
#  fatal error: ExceptionMark destructor expects no pending exceptions
#
# JRE version: OpenJDK Runtime Environment (10.0.2+13) (build 10.0.2+13-Ubuntu-1ubuntu0.18.04.4)
# Java VM: OpenJDK 64-Bit Server VM (10.0.2+13-Ubuntu-1ubuntu0.18.04.4, mixed mode, tiered, compressed oops, g1 gc, linux-amd64)
# Core dump will be written. Default location: Core dumps may be processed with "/usr/share/apport/apport %p %s %c %d %P" (or dumping to /home/user/Dropbox/Mestrado/1_ano/2_semestre/SOCOF/pl3/core.20274)
#
# If you would like to submit a bug report, please visit:
#   http://bugreport.java.com/bugreport/crash.jsp
#

---------------  S U M M A R Y ------------

Command Line: -javaagent:/home/user/Dropbox/Mestrado/1_ano/2_semestre/SOCOF/.metadata/.plugins/com.anarsoft.plugin.sync.bug/agent.jar -Dfile.encoding=UTF-8 --module-path=/home/user/Dropbox/Mestrado/1_ano/2_semestre/SOCOF/pl3/bin -Djdk.module.main=pl3 pl3/pl3.main

Host: Intel(R) Core(TM) i7-6700HQ CPU @ 2.60GHz, 8 cores, 7G, Linux Mint 19.1 Tessa
Time: Tue Mar 19 19:23:56 2019 WET elapsed time: 6 seconds (0d 0h 0m 6s)

---------------  T H R E A D  ---------------

Current thread (0x00007fd874014800):  JavaThread "main" [_thread_in_vm, id=20279, stack(0x00007fd87af1b000,0x00007fd87b01c000)]

Stack: [0x00007fd87af1b000,0x00007fd87b01c000],  sp=0x00007fd87b01a7c0,  free space=1021k
Native frames: (J=compiled Java code, A=aot compiled Java code, j=interpreted, Vv=VM code, C=native code)
V  [libjvm.so+0xd27ea4]
V  [libjvm.so+0xd28a0f]
V  [libjvm.so+0x64d328]
V  [libjvm.so+0x6f9551]
V  [libjvm.so+0xbfed0f]
V  [libjvm.so+0xa6a26c]
V  [libjvm.so+0xcc7f53]
V  [libjvm.so+0x8601b1]  JNI_CreateJavaVM+0x51
C  [libjli.so+0x3d83]
C  [libjli.so+0x89dd]
C  [libpthread.so.0+0x76db]  start_thread+0xdb


---------------  P R O C E S S  ---------------

Threads class SMR info:
_java_thread_list=0x00007fd7cfffffd0, length=11, elements={
0x00007fd874014800, 0x00007fd874176000, 0x00007fd874178000, 0x00007fd87418a800,
0x00007fd87418c800, 0x00007fd87418e800, 0x00007fd874190800, 0x00007fd874192800,
0x00007fd874194000, 0x00007fd87424f000, 0x00007fd877c46000
}

Java Threads: ( => current thread )
=>0x00007fd874014800 JavaThread "main" [_thread_in_vm, id=20279, stack(0x00007fd87af1b000,0x00007fd87b01c000)]
  0x00007fd874176000 JavaThread "Reference Handler" daemon [_thread_blocked, id=20304, stack(0x00007fd824e79000,0x00007fd824f7a000)]
  0x00007fd874178000 JavaThread "Finalizer" daemon [_thread_blocked, id=20305, stack(0x00007fd824d78000,0x00007fd824e79000)]
  0x00007fd87418a800 JavaThread "Signal Dispatcher" daemon [_thread_blocked, id=20306, stack(0x00007fd824c77000,0x00007fd824d78000)]
  0x00007fd87418c800 JavaThread "C2 CompilerThread0" daemon [_thread_blocked, id=20307, stack(0x00007fd824b76000,0x00007fd824c77000)]
  0x00007fd87418e800 JavaThread "C2 CompilerThread1" daemon [_thread_blocked, id=20308, stack(0x00007fd824a75000,0x00007fd824b76000)]
  0x00007fd874190800 JavaThread "C2 CompilerThread2" daemon [_thread_blocked, id=20309, stack(0x00007fd824974000,0x00007fd824a75000)]
  0x00007fd874192800 JavaThread "C1 CompilerThread3" daemon [_thread_blocked, id=20310, stack(0x00007fd824873000,0x00007fd824974000)]
  0x00007fd874194000 JavaThread "Sweeper thread" daemon [_thread_blocked, id=20311, stack(0x00007fd824772000,0x00007fd824873000)]
  0x00007fd87424f000 JavaThread "Common-Cleaner" daemon [_thread_blocked, id=20312, stack(0x00007fd824247000,0x00007fd824348000)]
  0x00007fd877c46000 JavaThread "anarsoft" daemon [_thread_in_Java, id=20324, stack(0x00007fd7d0047000,0x00007fd7d0148000)]

Other Threads:
  0x00007fd87416c000 VMThread "VM Thread" [stack: 0x00007fd824f7c000,0x00007fd82507c000] [id=20303] _threads_hazard_ptr=0x00007fd7cfffffd0
  0x00007fd874034800 GCTaskThread "GC Thread#0" [stack: 0x00007fd85a5d1000,0x00007fd85a6d1000] [id=20280]
  0x00007fd874036000 GCTaskThread "GC Thread#1" [stack: 0x00007fd85a4cf000,0x00007fd85a5cf000] [id=20281]
  0x00007fd874037800 GCTaskThread "GC Thread#2" [stack: 0x00007fd85a3cd000,0x00007fd85a4cd000] [id=20282]
  0x00007fd874039800 GCTaskThread "GC Thread#3" [stack: 0x00007fd85a2cb000,0x00007fd85a3cb000] [id=20283]
  0x00007fd87403b000 GCTaskThread "GC Thread#4" [stack: 0x00007fd85a1c9000,0x00007fd85a2c9000] [id=20284]
  0x00007fd87403c800 GCTaskThread "GC Thread#5" [stack: 0x00007fd85a0c7000,0x00007fd85a1c7000] [id=20285]
  0x00007fd87403e800 GCTaskThread "GC Thread#6" [stack: 0x00007fd859fc5000,0x00007fd85a0c5000] [id=20286]
  0x00007fd874040000 GCTaskThread "GC Thread#7" [stack: 0x00007fd859ec3000,0x00007fd859fc3000] [id=20287]
  0x00007fd874069800 ConcurrentGCThread "G1 Main Marker" [stack: 0x00007fd858a2b000,0x00007fd858b2b000] [id=20288]
  0x00007fd87406b800 ConcurrentGCThread "G1 Conc#0" [stack: 0x00007fd858929000,0x00007fd858a29000] [id=20289]
  0x00007fd87406d000 ConcurrentGCThread "G1 Conc#1" [stack: 0x00007fd858827000,0x00007fd858927000] [id=20290]
  0x00007fd8740d5800 ConcurrentGCThread "G1 Refine#0" [stack: 0x00007fd838160000,0x00007fd838260000] [id=20291]
  0x00007fd8740d7000 ConcurrentGCThread "G1 Refine#1" [stack: 0x00007fd83805e000,0x00007fd83815e000] [id=20292]
  0x00007fd8740d9000 ConcurrentGCThread "G1 Refine#2" [stack: 0x00007fd825f00000,0x00007fd826000000] [id=20293]
  0x00007fd8740da800 ConcurrentGCThread "G1 Refine#3" [stack: 0x00007fd825dfe000,0x00007fd825efe000] [id=20294]
  0x00007fd8740dc800 ConcurrentGCThread "G1 Refine#4" [stack: 0x00007fd825cfc000,0x00007fd825dfc000] [id=20295]
  0x00007fd8740de000 ConcurrentGCThread "G1 Refine#5" [stack: 0x00007fd825bfa000,0x00007fd825cfa000] [id=20296]
  0x00007fd8740e0000 ConcurrentGCThread "G1 Refine#6" [stack: 0x00007fd825af8000,0x00007fd825bf8000] [id=20297]
  0x00007fd8740e1800 ConcurrentGCThread "G1 Refine#7" [stack: 0x00007fd8259f6000,0x00007fd825af6000] [id=20298]
  0x00007fd8740e3800 ConcurrentGCThread "G1 Young RemSet Sampling" [stack: 0x00007fd8258f4000,0x00007fd8259f4000] [id=20299]

Threads with active compile tasks:

VM state:synchronizing (normal execution)

VM Mutex/Monitor currently owned by a thread:  ([mutex/lock_event])
[0x00007fd874010aa0] Safepoint_lock - owner thread: 0x00007fd87416c000
[0x00007fd874010b30] Threads_lock - owner thread: 0x00007fd87416c000
[0x00007fd8740110d0] Heap_lock - owner thread: 0x00007fd874069800

OutOfMemory and StackOverflow Exception counts:
StackOverflowErrors=1

Heap address: 0x0000000084c00000, size: 1972 MB, Compressed Oops mode: 32-bit
Narrow klass base: 0x0000000000000000, Narrow klass shift: 3
Compressed class space size: 1073741824 Address: 0x0000000100000000

Heap:
 garbage-first heap   total 187392K, used 99328K [0x0000000084c00000, 0x0000000100000000)
  region size 1024K, 13 young (13312K), 5 survivors (5120K)
 Metaspace       used 526573K, capacity 526717K, committed 527016K, reserved 1574912K
  class space    used 1118K, capacity 1175K, committed 1280K, reserved 1048576K
Heap Regions: E=young(eden), S=young(survivor), O=old, HS=humongous(starts), HC=humongous(continues), CS=collection set, F=free, A=archive, TS=gc time stamp, AC=allocation context, TAMS=top-at-mark-start (previous, next)
|   0|0x0000000084c00000, 0x0000000084d00000, 0x0000000084d00000|100%| O|  |TS  1|AC  0|TAMS 0x0000000084c00000, 0x0000000084d00000|
|   1|0x0000000084d00000, 0x0000000084e00000, 0x0000000084e00000|100%| O|  |TS  1|AC  0|TAMS 0x0000000084d00000, 0x0000000084e00000|
|   2|0x0000000084e00000, 0x0000000084f00000, 0x0000000084f00000|100%| O|  |TS  1|AC  0|TAMS 0x0000000084e00000, 0x0000000084f00000|
|   3|0x0000000084f00000, 0x0000000085000000, 0x0000000085000000|100%| O|  |TS  1|AC  0|TAMS 0x0000000084f00000, 0x0000000085000000|
|   4|0x0000000085000000, 0x0000000085100000, 0x0000000085100000|100%| O|  |TS  1|AC  0|TAMS 0x0000000085000000, 0x0000000085100000|
|   5|0x0000000085100000, 0x0000000085200000, 0x0000000085200000|100%| O|  |TS  1|AC  0|TAMS 0x0000000085100000, 0x0000000085200000|
|   6|0x0000000085200000, 0x0000000085300000, 0x0000000085300000|100%| O|  |TS  1|AC  0|TAMS 0x0000000085200000, 0x0000000085300000|
|   7|0x0000000085300000, 0x0000000085400000, 0x0000000085400000|100%| O|  |TS  1|AC  0|TAMS 0x0000000085300000, 0x0000000085400000|
|   8|0x0000000085400000, 0x0000000085500000, 0x0000000085500000|100%| O|  |TS  1|AC  0|TAMS 0x0000000085400000, 0x0000000085500000|
|   9|0x0000000085500000, 0x0000000085600000, 0x0000000085600000|100%| O|  |TS  1|AC  0|TAMS 0x0000000085500000, 0x0000000085600000|
|  10|0x0000000085600000, 0x0000000085700000, 0x0000000085700000|100%| O|  |TS  2|AC  0|TAMS 0x0000000085600000, 0x0000000085700000|
|  11|0x0000000085700000, 0x0000000085800000, 0x0000000085800000|100%| O|  |TS  2|AC  0|TAMS 0x0000000085700000, 0x0000000085800000|
|  12|0x0000000085800000, 0x0000000085900000, 0x0000000085900000|100%| O|  |TS  2|AC  0|TAMS 0x0000000085800000, 0x0000000085900000|
|  13|0x0000000085900000, 0x0000000085a00000, 0x0000000085a00000|100%| O|  |TS  2|AC  0|TAMS 0x0000000085900000, 0x0000000085a00000|
|  14|0x0000000085a00000, 0x0000000085b00000, 0x0000000085b00000|100%| O|  |TS  2|AC  0|TAMS 0x0000000085a00000, 0x0000000085b00000|
|  15|0x0000000085b00000, 0x0000000085c00000, 0x0000000085c00000|100%| O|  |TS  2|AC  0|TAMS 0x0000000085b00000, 0x0000000085c00000|
|  16|0x0000000085c00000, 0x0000000085d00000, 0x0000000085d00000|100%| O|  |TS  2|AC  0|TAMS 0x0000000085c00000, 0x0000000085d00000|
|  17|0x0000000085d00000, 0x0000000085e00000, 0x0000000085e00000|100%| O|  |TS  2|AC  0|TAMS 0x0000000085d00000, 0x0000000085e00000|
|  18|0x0000000085e00000, 0x0000000085f00000, 0x0000000085f00000|100%| O|  |TS  2|AC  0|TAMS 0x0000000085e00000, 0x0000000085f00000|
|  19|0x0000000085f00000, 0x0000000086000000, 0x0000000086000000|100%| O|  |TS  2|AC  0|TAMS 0x0000000085f00000, 0x0000000086000000|
|  20|0x0000000086000000, 0x0000000086100000, 0x0000000086100000|100%| O|  |TS  2|AC  0|TAMS 0x0000000086000000, 0x0000000086100000|
|  21|0x0000000086100000, 0x0000000086200000, 0x0000000086200000|100%| O|  |TS  2|AC  0|TAMS 0x0000000086100000, 0x0000000086200000|
|  22|0x0000000086200000, 0x0000000086300000, 0x0000000086300000|100%| O|  |TS  2|AC  0|TAMS 0x0000000086200000, 0x0000000086300000|
|  23|0x0000000086300000, 0x0000000086400000, 0x0000000086400000|100%| O|  |TS  2|AC  0|TAMS 0x0000000086300000, 0x0000000086400000|
|  24|0x0000000086400000, 0x0000000086500000, 0x0000000086500000|100%| O|  |TS  2|AC  0|TAMS 0x0000000086400000, 0x0000000086500000|
|  25|0x0000000086500000, 0x0000000086600000, 0x0000000086600000|100%| O|  |TS  2|AC  0|TAMS 0x0000000086500000, 0x0000000086600000|
|  26|0x0000000086600000, 0x0000000086700000, 0x0000000086700000|100%| O|  |TS  2|AC  0|TAMS 0x0000000086600000, 0x0000000086700000|
|  27|0x0000000086700000, 0x0000000086800000, 0x0000000086800000|100%| O|  |TS  2|AC  0|TAMS 0x0000000086700000, 0x0000000086800000|
|  28|0x0000000086800000, 0x0000000086900000, 0x0000000086900000|100%| O|  |TS  2|AC  0|TAMS 0x0000000086800000, 0x0000000086900000|
|  29|0x0000000086900000, 0x0000000086a00000, 0x0000000086a00000|100%| O|  |TS  2|AC  0|TAMS 0x0000000086900000, 0x0000000086a00000|
|  30|0x0000000086a00000, 0x0000000086b00000, 0x0000000086b00000|100%| O|  |TS  2|AC  0|TAMS 0x0000000086a00000, 0x0000000086b00000|
|  31|0x0000000086b00000, 0x0000000086c00000, 0x0000000086c00000|100%| O|  |TS  2|AC  0|TAMS 0x0000000086b00000, 0x0000000086c00000|
|  32|0x0000000086c00000, 0x0000000086d00000, 0x0000000086d00000|100%| O|  |TS  3|AC  0|TAMS 0x0000000086c00000, 0x0000000086d00000|
|  33|0x0000000086d00000, 0x0000000086e00000, 0x0000000086e00000|100%| O|  |TS  3|AC  0|TAMS 0x0000000086d00000, 0x0000000086e00000|
|  34|0x0000000086e00000, 0x0000000086f00000, 0x0000000086f00000|100%| O|  |TS  3|AC  0|TAMS 0x0000000086e00000, 0x0000000086f00000|
|  35|0x0000000086f00000, 0x0000000087000000, 0x0000000087000000|100%| O|  |TS  3|AC  0|TAMS 0x0000000086f00000, 0x0000000087000000|
|  36|0x0000000087000000, 0x0000000087100000, 0x0000000087100000|100%| O|  |TS  3|AC  0|TAMS 0x0000000087000000, 0x0000000087100000|
|  37|0x0000000087100000, 0x0000000087200000, 0x0000000087200000|100%| O|  |TS  3|AC  0|TAMS 0x0000000087100000, 0x0000000087200000|
|  38|0x0000000087200000, 0x0000000087300000, 0x0000000087300000|100%| O|  |TS  3|AC  0|TAMS 0x0000000087200000, 0x0000000087300000|
|  39|0x0000000087300000, 0x0000000087400000, 0x0000000087400000|100%| O|  |TS  3|AC  0|TAMS 0x0000000087300000, 0x0000000087400000|
|  40|0x0000000087400000, 0x0000000087500000, 0x0000000087500000|100%| O|  |TS  3|AC  0|TAMS 0x0000000087400000, 0x0000000087500000|
|  41|0x0000000087500000, 0x0000000087600000, 0x0000000087600000|100%| O|  |TS  3|AC  0|TAMS 0x0000000087500000, 0x0000000087600000|
|  42|0x0000000087600000, 0x0000000087700000, 0x0000000087700000|100%| O|  |TS  3|AC  0|TAMS 0x0000000087600000, 0x0000000087700000|
|  43|0x0000000087700000, 0x0000000087800000, 0x0000000087800000|100%| O|  |TS  3|AC  0|TAMS 0x0000000087700000, 0x0000000087800000|
|  44|0x0000000087800000, 0x0000000087900000, 0x0000000087900000|100%| O|  |TS  3|AC  0|TAMS 0x0000000087800000, 0x0000000087900000|
|  45|0x0000000087900000, 0x0000000087a00000, 0x0000000087a00000|100%| O|  |TS  3|AC  0|TAMS 0x0000000087900000, 0x0000000087a00000|
|  46|0x0000000087a00000, 0x0000000087b00000, 0x0000000087b00000|100%| O|  |TS  3|AC  0|TAMS 0x0000000087a00000, 0x0000000087b00000|
|  47|0x0000000087b00000, 0x0000000087c00000, 0x0000000087c00000|100%| O|  |TS  3|AC  0|TAMS 0x0000000087b00000, 0x0000000087c00000|
|  48|0x0000000087c00000, 0x0000000087d00000, 0x0000000087d00000|100%| O|  |TS  3|AC  0|TAMS 0x0000000087c00000, 0x0000000087d00000|
|  49|0x0000000087d00000, 0x0000000087e00000, 0x0000000087e00000|100%| O|  |TS  3|AC  0|TAMS 0x0000000087d00000, 0x0000000087e00000|
|  50|0x0000000087e00000, 0x0000000087f00000, 0x0000000087f00000|100%| O|  |TS  3|AC  0|TAMS 0x0000000087e00000, 0x0000000087f00000|
|  51|0x0000000087f00000, 0x0000000088000000, 0x0000000088000000|100%| O|  |TS  3|AC  0|TAMS 0x0000000087f00000, 0x0000000088000000|
|  52|0x0000000088000000, 0x0000000088100000, 0x0000000088100000|100%| O|  |TS  3|AC  0|TAMS 0x0000000088000000, 0x0000000088100000|
|  53|0x0000000088100000, 0x0000000088200000, 0x0000000088200000|100%| O|  |TS  3|AC  0|TAMS 0x0000000088100000, 0x0000000088200000|
|  54|0x0000000088200000, 0x0000000088300000, 0x0000000088300000|100%| O|  |TS  4|AC  0|TAMS 0x0000000088200000, 0x0000000088300000|
|  55|0x0000000088300000, 0x0000000088400000, 0x0000000088400000|100%| O|  |TS  4|AC  0|TAMS 0x0000000088300000, 0x0000000088400000|
|  56|0x0000000088400000, 0x0000000088500000, 0x0000000088500000|100%| O|  |TS  4|AC  0|TAMS 0x0000000088400000, 0x0000000088500000|
|  57|0x0000000088500000, 0x0000000088600000, 0x0000000088600000|100%| O|  |TS  4|AC  0|TAMS 0x0000000088500000, 0x0000000088600000|
|  58|0x0000000088600000, 0x0000000088700000, 0x0000000088700000|100%| O|  |TS  4|AC  0|TAMS 0x0000000088600000, 0x0000000088700000|
|  59|0x0000000088700000, 0x0000000088800000, 0x0000000088800000|100%| O|  |TS  4|AC  0|TAMS 0x0000000088700000, 0x0000000088800000|
|  60|0x0000000088800000, 0x0000000088900000, 0x0000000088900000|100%| O|  |TS  4|AC  0|TAMS 0x0000000088800000, 0x0000000088900000|
|  61|0x0000000088900000, 0x0000000088a00000, 0x0000000088a00000|100%| O|  |TS  4|AC  0|TAMS 0x0000000088900000, 0x0000000088a00000|
|  62|0x0000000088a00000, 0x0000000088b00000, 0x0000000088b00000|100%| O|  |TS  4|AC  0|TAMS 0x0000000088a00000, 0x0000000088b00000|
|  63|0x0000000088b00000, 0x0000000088c00000, 0x0000000088c00000|100%| O|  |TS  4|AC  0|TAMS 0x0000000088b00000, 0x0000000088c00000|
|  64|0x0000000088c00000, 0x0000000088d00000, 0x0000000088d00000|100%| O|  |TS  4|AC  0|TAMS 0x0000000088c00000, 0x0000000088d00000|
|  65|0x0000000088d00000, 0x0000000088e00000, 0x0000000088e00000|100%| O|  |TS  4|AC  0|TAMS 0x0000000088d00000, 0x0000000088e00000|
|  66|0x0000000088e00000, 0x0000000088f00000, 0x0000000088f00000|100%| O|  |TS  4|AC  0|TAMS 0x0000000088e00000, 0x0000000088f00000|
|  67|0x0000000088f00000, 0x0000000089000000, 0x0000000089000000|100%| O|  |TS  4|AC  0|TAMS 0x0000000088f00000, 0x0000000089000000|
|  68|0x0000000089000000, 0x0000000089100000, 0x0000000089100000|100%| O|  |TS  4|AC  0|TAMS 0x0000000089000000, 0x0000000089100000|
|  69|0x0000000089100000, 0x0000000089200000, 0x0000000089200000|100%| O|  |TS  4|AC  0|TAMS 0x0000000089100000, 0x0000000089200000|
|  70|0x0000000089200000, 0x0000000089300000, 0x0000000089300000|100%| O|  |TS  4|AC  0|TAMS 0x0000000089200000, 0x0000000089300000|
|  71|0x0000000089300000, 0x0000000089400000, 0x0000000089400000|100%| O|  |TS  4|AC  0|TAMS 0x0000000089300000, 0x0000000089400000|
|  72|0x0000000089400000, 0x0000000089500000, 0x0000000089500000|100%| O|  |TS  5|AC  0|TAMS 0x0000000089400000, 0x0000000089500000|
|  73|0x0000000089500000, 0x0000000089600000, 0x0000000089600000|100%| O|  |TS  5|AC  0|TAMS 0x0000000089500000, 0x0000000089600000|
|  74|0x0000000089600000, 0x0000000089700000, 0x0000000089700000|100%| O|  |TS  5|AC  0|TAMS 0x0000000089600000, 0x0000000089700000|
|  75|0x0000000089700000, 0x0000000089800000, 0x0000000089800000|100%| O|  |TS  5|AC  0|TAMS 0x0000000089700000, 0x0000000089800000|
|  76|0x0000000089800000, 0x0000000089900000, 0x0000000089900000|100%| O|  |TS  5|AC  0|TAMS 0x0000000089800000, 0x0000000089900000|
|  77|0x0000000089900000, 0x0000000089a00000, 0x0000000089a00000|100%| O|  |TS  5|AC  0|TAMS 0x0000000089900000, 0x0000000089a00000|
|  78|0x0000000089a00000, 0x0000000089b00000, 0x0000000089b00000|100%| O|  |TS  5|AC  0|TAMS 0x0000000089a00000, 0x0000000089b00000|
|  79|0x0000000089b00000, 0x0000000089c00000, 0x0000000089c00000|100%| O|  |TS  5|AC  0|TAMS 0x0000000089b00000, 0x0000000089c00000|
|  80|0x0000000089c00000, 0x0000000089d00000, 0x0000000089d00000|100%| O|  |TS  5|AC  0|TAMS 0x0000000089c00000, 0x0000000089d00000|
|  81|0x0000000089d00000, 0x0000000089e00000, 0x0000000089e00000|100%| O|  |TS  5|AC  0|TAMS 0x0000000089d00000, 0x0000000089e00000|
|  82|0x0000000089e00000, 0x0000000089f00000, 0x0000000089f00000|100%| O|  |TS  5|AC  0|TAMS 0x0000000089e00000, 0x0000000089f00000|
|  83|0x0000000089f00000, 0x000000008a000000, 0x000000008a000000|100%| O|  |TS  5|AC  0|TAMS 0x0000000089f00000, 0x000000008a000000|
|  84|0x000000008a000000, 0x000000008a100000, 0x000000008a100000|100%| O|  |TS  5|AC  0|TAMS 0x000000008a000000, 0x000000008a100000|
|  85|0x000000008a100000, 0x000000008a100000, 0x000000008a200000|  0%| F|  |TS  2|AC  0|TAMS 0x000000008a100000, 0x000000008a100000|
|  86|0x000000008a200000, 0x000000008a200000, 0x000000008a300000|  0%| F|  |TS  4|AC  0|TAMS 0x000000008a200000, 0x000000008a200000|
|  87|0x000000008a300000, 0x000000008a300000, 0x000000008a400000|  0%| F|  |TS  4|AC  0|TAMS 0x000000008a300000, 0x000000008a300000|
|  88|0x000000008a400000, 0x000000008a400000, 0x000000008a500000|  0%| F|  |TS  4|AC  0|TAMS 0x000000008a400000, 0x000000008a400000|
|  89|0x000000008a500000, 0x000000008a500000, 0x000000008a600000|  0%| F|  |TS  4|AC  0|TAMS 0x000000008a500000, 0x000000008a500000|
|  90|0x000000008a600000, 0x000000008a600000, 0x000000008a700000|  0%| F|  |TS  4|AC  0|TAMS 0x000000008a600000, 0x000000008a600000|
|  91|0x000000008a700000, 0x000000008a700000, 0x000000008a800000|  0%| F|  |TS  4|AC  0|TAMS 0x000000008a700000, 0x000000008a700000|
|  92|0x000000008a800000, 0x000000008a800000, 0x000000008a900000|  0%| F|  |TS  4|AC  0|TAMS 0x000000008a800000, 0x000000008a800000|
|  93|0x000000008a900000, 0x000000008a900000, 0x000000008aa00000|  0%| F|  |TS  4|AC  0|TAMS 0x000000008a900000, 0x000000008a900000|
|  94|0x000000008aa00000, 0x000000008aa00000, 0x000000008ab00000|  0%| F|  |TS  4|AC  0|TAMS 0x000000008aa00000, 0x000000008aa00000|
|  95|0x000000008ab00000, 0x000000008ab00000, 0x000000008ac00000|  0%| F|  |TS  3|AC  0|TAMS 0x000000008ab00000, 0x000000008ab00000|
|  96|0x000000008ac00000, 0x000000008ac00000, 0x000000008ad00000|  0%| F|  |TS  3|AC  0|TAMS 0x000000008ac00000, 0x000000008ac00000|
|  97|0x000000008ad00000, 0x000000008ad00000, 0x000000008ae00000|  0%| F|  |TS  3|AC  0|TAMS 0x000000008ad00000, 0x000000008ad00000|
|  98|0x000000008ae00000, 0x000000008ae00000, 0x000000008af00000|  0%| F|  |TS  3|AC  0|TAMS 0x000000008ae00000, 0x000000008ae00000|
|  99|0x000000008af00000, 0x000000008af00000, 0x000000008b000000|  0%| F|  |TS  3|AC  0|TAMS 0x000000008af00000, 0x000000008af00000|
| 100|0x000000008b000000, 0x000000008b000000, 0x000000008b100000|  0%| F|  |TS  3|AC  0|TAMS 0x000000008b000000, 0x000000008b000000|
| 101|0x000000008b100000, 0x000000008b100000, 0x000000008b200000|  0%| F|  |TS  3|AC  0|TAMS 0x000000008b100000, 0x000000008b100000|
| 102|0x000000008b200000, 0x000000008b200000, 0x000000008b300000|  0%| F|  |TS  3|AC  0|TAMS 0x000000008b200000, 0x000000008b200000|
| 103|0x000000008b300000, 0x000000008b300000, 0x000000008b400000|  0%| F|  |TS  3|AC  0|TAMS 0x000000008b300000, 0x000000008b300000|
| 104|0x000000008b400000, 0x000000008b400000, 0x000000008b500000|  0%| F|  |TS  5|AC  0|TAMS 0x000000008b400000, 0x000000008b400000|
| 105|0x000000008b500000, 0x000000008b500000, 0x000000008b600000|  0%| F|  |TS  5|AC  0|TAMS 0x000000008b500000, 0x000000008b500000|
| 106|0x000000008b600000, 0x000000008b600000, 0x000000008b700000|  0%| F|  |TS  5|AC  0|TAMS 0x000000008b600000, 0x000000008b600000|
| 107|0x000000008b700000, 0x000000008b700000, 0x000000008b800000|  0%| F|  |TS  5|AC  0|TAMS 0x000000008b700000, 0x000000008b700000|
| 108|0x000000008b800000, 0x000000008b800000, 0x000000008b900000|  0%| F|  |TS  5|AC  0|TAMS 0x000000008b800000, 0x000000008b800000|
| 109|0x000000008b900000, 0x000000008b900000, 0x000000008ba00000|  0%| F|  |TS  5|AC  0|TAMS 0x000000008b900000, 0x000000008b900000|
| 110|0x000000008ba00000, 0x000000008ba00000, 0x000000008bb00000|  0%| F|  |TS  4|AC  0|TAMS 0x000000008ba00000, 0x000000008ba00000|
| 111|0x000000008bb00000, 0x000000008bb00000, 0x000000008bc00000|  0%| F|  |TS  4|AC  0|TAMS 0x000000008bb00000, 0x000000008bb00000|
| 112|0x000000008bc00000, 0x000000008bc00000, 0x000000008bd00000|  0%| F|  |TS  4|AC  0|TAMS 0x000000008bc00000, 0x000000008bc00000|
| 113|0x000000008bd00000, 0x000000008bd00000, 0x000000008be00000|  0%| F|  |TS  4|AC  0|TAMS 0x000000008bd00000, 0x000000008bd00000|
| 114|0x000000008be00000, 0x000000008be00000, 0x000000008bf00000|  0%| F|  |TS  4|AC  0|TAMS 0x000000008be00000, 0x000000008be00000|
| 115|0x000000008bf00000, 0x000000008c000000, 0x000000008c000000|100%| S|CS|TS  5|AC  0|TAMS 0x000000008bf00000, 0x000000008bf00000|
| 116|0x000000008c000000, 0x000000008c100000, 0x000000008c100000|100%| S|CS|TS  5|AC  0|TAMS 0x000000008c000000, 0x000000008c000000|
| 117|0x000000008c100000, 0x000000008c200000, 0x000000008c200000|100%| S|CS|TS  5|AC  0|TAMS 0x000000008c100000, 0x000000008c100000|
| 118|0x000000008c200000, 0x000000008c300000, 0x000000008c300000|100%| S|CS|TS  5|AC  0|TAMS 0x000000008c200000, 0x000000008c200000|
| 119|0x000000008c300000, 0x000000008c400000, 0x000000008c400000|100%| S|CS|TS  5|AC  0|TAMS 0x000000008c300000, 0x000000008c300000|
| 120|0x000000008c400000, 0x000000008c400000, 0x000000008c500000|  0%| F|  |TS  5|AC  0|TAMS 0x000000008c400000, 0x000000008c400000|
| 121|0x000000008c500000, 0x000000008c500000, 0x000000008c600000|  0%| F|  |TS  5|AC  0|TAMS 0x000000008c500000, 0x000000008c500000|
| 122|0x000000008c600000, 0x000000008c600000, 0x000000008c700000|  0%| F|  |TS  5|AC  0|TAMS 0x000000008c600000, 0x000000008c600000|
| 123|0x000000008c700000, 0x000000008c700000, 0x000000008c800000|  0%| F|  |TS  5|AC  0|TAMS 0x000000008c700000, 0x000000008c700000|
| 124|0x000000008c800000, 0x000000008c800000, 0x000000008c900000|  0%| F|  |TS  5|AC  0|TAMS 0x000000008c800000, 0x000000008c800000|
| 125|0x000000008c900000, 0x000000008c900000, 0x000000008ca00000|  0%| F|  |TS  5|AC  0|TAMS 0x000000008c900000, 0x000000008c900000|
| 126|0x000000008ca00000, 0x000000008ca00000, 0x000000008cb00000|  0%| F|  |TS  5|AC  0|TAMS 0x000000008ca00000, 0x000000008ca00000|
| 127|0x000000008cb00000, 0x000000008cb00000, 0x000000008cc00000|  0%| F|  |TS  5|AC  0|TAMS 0x000000008cb00000, 0x000000008cb00000|
| 128|0x000000008cc00000, 0x000000008cc00000, 0x000000008cd00000|  0%| F|  |TS  5|AC  0|TAMS 0x000000008cc00000, 0x000000008cc00000|
| 129|0x000000008cd00000, 0x000000008cd00000, 0x000000008ce00000|  0%| F|  |TS  5|AC  0|TAMS 0x000000008cd00000, 0x000000008cd00000|
| 130|0x000000008ce00000, 0x000000008ce00000, 0x000000008cf00000|  0%| F|  |TS  5|AC  0|TAMS 0x000000008ce00000, 0x000000008ce00000|
| 131|0x000000008cf00000, 0x000000008cf00000, 0x000000008d000000|  0%| F|  |TS  5|AC  0|TAMS 0x000000008cf00000, 0x000000008cf00000|
| 132|0x000000008d000000, 0x000000008d000000, 0x000000008d100000|  0%| F|  |TS  5|AC  0|TAMS 0x000000008d000000, 0x000000008d000000|
| 133|0x000000008d100000, 0x000000008d100000, 0x000000008d200000|  0%| F|  |TS  5|AC  0|TAMS 0x000000008d100000, 0x000000008d100000|
| 134|0x000000008d200000, 0x000000008d200000, 0x000000008d300000|  0%| F|  |TS  5|AC  0|TAMS 0x000000008d200000, 0x000000008d200000|
| 135|0x000000008d300000, 0x000000008d300000, 0x000000008d400000|  0%| F|  |TS  5|AC  0|TAMS 0x000000008d300000, 0x000000008d300000|
| 136|0x000000008d400000, 0x000000008d400000, 0x000000008d500000|  0%| F|  |TS  5|AC  0|TAMS 0x000000008d400000, 0x000000008d400000|
| 137|0x000000008d500000, 0x000000008d500000, 0x000000008d600000|  0%| F|  |TS  5|AC  0|TAMS 0x000000008d500000, 0x000000008d500000|
| 138|0x000000008d600000, 0x000000008d600000, 0x000000008d700000|  0%| F|  |TS  5|AC  0|TAMS 0x000000008d600000, 0x000000008d600000|
| 139|0x000000008d700000, 0x000000008d700000, 0x000000008d800000|  0%| F|  |TS  5|AC  0|TAMS 0x000000008d700000, 0x000000008d700000|
| 140|0x000000008d800000, 0x000000008d800000, 0x000000008d900000|  0%| F|  |TS  5|AC  0|TAMS 0x000000008d800000, 0x000000008d800000|
| 141|0x000000008d900000, 0x000000008d900000, 0x000000008da00000|  0%| F|  |TS  5|AC  0|TAMS 0x000000008d900000, 0x000000008d900000|
| 142|0x000000008da00000, 0x000000008da00000, 0x000000008db00000|  0%| F|  |TS  5|AC  0|TAMS 0x000000008da00000, 0x000000008da00000|
| 143|0x000000008db00000, 0x000000008db00000, 0x000000008dc00000|  0%| F|  |TS  5|AC  0|TAMS 0x000000008db00000, 0x000000008db00000|
| 144|0x000000008dc00000, 0x000000008dc00000, 0x000000008dd00000|  0%| F|  |TS  5|AC  0|TAMS 0x000000008dc00000, 0x000000008dc00000|
| 145|0x000000008dd00000, 0x000000008dd00000, 0x000000008de00000|  0%| F|  |TS  5|AC  0|TAMS 0x000000008dd00000, 0x000000008dd00000|
| 146|0x000000008de00000, 0x000000008de00000, 0x000000008df00000|  0%| F|  |TS  5|AC  0|TAMS 0x000000008de00000, 0x000000008de00000|
| 147|0x000000008df00000, 0x000000008df00000, 0x000000008e000000|  0%| F|  |TS  5|AC  0|TAMS 0x000000008df00000, 0x000000008df00000|
| 148|0x000000008e000000, 0x000000008e000000, 0x000000008e100000|  0%| F|  |TS  5|AC  0|TAMS 0x000000008e000000, 0x000000008e000000|
| 149|0x000000008e100000, 0x000000008e100000, 0x000000008e200000|  0%| F|  |TS  5|AC  0|TAMS 0x000000008e100000, 0x000000008e100000|
| 150|0x000000008e200000, 0x000000008e200000, 0x000000008e300000|  0%| F|  |TS  5|AC  0|TAMS 0x000000008e200000, 0x000000008e200000|
| 151|0x000000008e300000, 0x000000008e300000, 0x000000008e400000|  0%| F|  |TS  5|AC  0|TAMS 0x000000008e300000, 0x000000008e300000|
| 152|0x000000008e400000, 0x000000008e400000, 0x000000008e500000|  0%| F|  |TS  5|AC  0|TAMS 0x000000008e400000, 0x000000008e400000|
| 153|0x000000008e500000, 0x000000008e500000, 0x000000008e600000|  0%| F|  |TS  5|AC  0|TAMS 0x000000008e500000, 0x000000008e500000|
| 154|0x000000008e600000, 0x000000008e600000, 0x000000008e700000|  0%| F|  |TS  5|AC  0|TAMS 0x000000008e600000, 0x000000008e600000|
| 155|0x000000008e700000, 0x000000008e700000, 0x000000008e800000|  0%| F|  |TS  5|AC  0|TAMS 0x000000008e700000, 0x000000008e700000|
| 156|0x000000008e800000, 0x000000008e800000, 0x000000008e900000|  0%| F|  |TS  5|AC  0|TAMS 0x000000008e800000, 0x000000008e800000|
| 157|0x000000008e900000, 0x000000008e900000, 0x000000008ea00000|  0%| F|  |TS  5|AC  0|TAMS 0x000000008e900000, 0x000000008e900000|
| 158|0x000000008ea00000, 0x000000008ea00000, 0x000000008eb00000|  0%| F|  |TS  5|AC  0|TAMS 0x000000008ea00000, 0x000000008ea00000|
| 159|0x000000008eb00000, 0x000000008eb00000, 0x000000008ec00000|  0%| F|  |TS  5|AC  0|TAMS 0x000000008eb00000, 0x000000008eb00000|
| 160|0x000000008ec00000, 0x000000008ec00000, 0x000000008ed00000|  0%| F|  |TS  5|AC  0|TAMS 0x000000008ec00000, 0x000000008ec00000|
| 161|0x000000008ed00000, 0x000000008ed00000, 0x000000008ee00000|  0%| F|  |TS  5|AC  0|TAMS 0x000000008ed00000, 0x000000008ed00000|
| 162|0x000000008ee00000, 0x000000008ee00000, 0x000000008ef00000|  0%| F|  |TS  5|AC  0|TAMS 0x000000008ee00000, 0x000000008ee00000|
| 163|0x000000008ef00000, 0x000000008ef00000, 0x000000008f000000|  0%| F|  |TS  5|AC  0|TAMS 0x000000008ef00000, 0x000000008ef00000|
| 164|0x000000008f000000, 0x000000008f000000, 0x000000008f100000|  0%| F|  |TS  5|AC  0|TAMS 0x000000008f000000, 0x000000008f000000|
| 165|0x000000008f100000, 0x000000008f100000, 0x000000008f200000|  0%| F|  |TS  5|AC  0|TAMS 0x000000008f100000, 0x000000008f100000|
| 166|0x000000008f200000, 0x000000008f200000, 0x000000008f300000|  0%| F|  |TS  5|AC  0|TAMS 0x000000008f200000, 0x000000008f200000|
| 167|0x000000008f300000, 0x000000008f300000, 0x000000008f400000|  0%| F|  |TS  5|AC  0|TAMS 0x000000008f300000, 0x000000008f300000|
| 168|0x000000008f400000, 0x000000008f400000, 0x000000008f500000|  0%| F|  |TS  5|AC  0|TAMS 0x000000008f400000, 0x000000008f400000|
| 169|0x000000008f500000, 0x000000008f500000, 0x000000008f600000|  0%| F|  |TS  5|AC  0|TAMS 0x000000008f500000, 0x000000008f500000|
| 170|0x000000008f600000, 0x000000008f600000, 0x000000008f700000|  0%| F|  |TS  5|AC  0|TAMS 0x000000008f600000, 0x000000008f600000|
| 171|0x000000008f700000, 0x000000008f700000, 0x000000008f800000|  0%| F|  |TS  5|AC  0|TAMS 0x000000008f700000, 0x000000008f700000|
| 172|0x000000008f800000, 0x000000008f800000, 0x000000008f900000|  0%| F|  |TS  5|AC  0|TAMS 0x000000008f800000, 0x000000008f800000|
| 173|0x000000008f900000, 0x000000008f900000, 0x000000008fa00000|  0%| F|  |TS  5|AC  0|TAMS 0x000000008f900000, 0x000000008f900000|
| 174|0x000000008fa00000, 0x000000008fa00000, 0x000000008fb00000|  0%| F|  |TS  5|AC  0|TAMS 0x000000008fa00000, 0x000000008fa00000|
| 175|0x000000008fb00000, 0x000000008fbd4600, 0x000000008fc00000| 82%| E|  |TS  5|AC  0|TAMS 0x000000008fb00000, 0x000000008fb00000|
| 176|0x000000008fc00000, 0x000000008fd00000, 0x000000008fd00000|100%| E|CS|TS  5|AC  0|TAMS 0x000000008fc00000, 0x000000008fc00000|
| 177|0x000000008fd00000, 0x000000008fe00000, 0x000000008fe00000|100%| E|CS|TS  5|AC  0|TAMS 0x000000008fd00000, 0x000000008fd00000|
| 178|0x000000008fe00000, 0x000000008ff00000, 0x000000008ff00000|100%| E|CS|TS  5|AC  0|TAMS 0x000000008fe00000, 0x000000008fe00000|
| 179|0x000000008ff00000, 0x0000000090000000, 0x0000000090000000|100%| E|CS|TS  5|AC  0|TAMS 0x000000008ff00000, 0x000000008ff00000|
| 180|0x0000000090000000, 0x0000000090100000, 0x0000000090100000|100%| E|CS|TS  5|AC  0|TAMS 0x0000000090000000, 0x0000000090000000|
| 181|0x0000000090100000, 0x0000000090200000, 0x0000000090200000|100%| E|CS|TS  5|AC  0|TAMS 0x0000000090100000, 0x0000000090100000|
| 182|0x0000000090200000, 0x0000000090300000, 0x0000000090300000|100%| E|CS|TS  5|AC  0|TAMS 0x0000000090200000, 0x0000000090200000|

Card table byte_map: [0x00007fd858f05000,0x00007fd8592df000] byte_map_base: 0x00007fd858adf000

Marking Bits (Prev, Next): (CMBitMap*) 0x00007fd874068da8, (CMBitMap*) 0x00007fd874068d70
 Prev Bits: [0x00007fd838260000, 0x00007fd83a130000)
 Next Bits: [0x00007fd83a130000, 0x00007fd83c000000)

Polling page: 0x00007fd87b032000

CodeHeap 'non-profiled nmethods': size=120032Kb used=1166Kb max_used=1166Kb free=118865Kb
 bounds [0x00007fd862284000, 0x00007fd8624f4000, 0x00007fd8697bc000]
CodeHeap 'profiled nmethods': size=120028Kb used=2818Kb max_used=2818Kb free=117209Kb
 bounds [0x00007fd85ad4d000, 0x00007fd85b01d000, 0x00007fd862284000]
CodeHeap 'non-nmethods': size=5700Kb used=1063Kb max_used=1133Kb free=4636Kb
 bounds [0x00007fd85a7bc000, 0x00007fd85aa2c000, 0x00007fd85ad4d000]
 total_blobs=1908 nmethods=1080 adapters=284
 compilation: enabled

Compilation events (10 events):
Event: 6.440 Thread 0x00007fd874192800 1094       3       java.anarsoft.trace.agent.bootstrap.callback.FieldAccessCallback::field_access_static (14 bytes)
Event: 6.440 Thread 0x00007fd874192800 nmethod 1094 0x00007fd85b00c590 code [0x00007fd85b00c760, 0x00007fd85b00c988]
Event: 6.516 Thread 0x00007fd87418c800 1095       4       java.anarsoft.trace.agent.bootstrap.callback.CallbackStatePerThread::traceFields (35 bytes)
Event: 6.517 Thread 0x00007fd87418c800 nmethod 1095 0x00007fd8623a7890 code [0x00007fd8623a7a20, 0x00007fd8623a7ab8]
Event: 6.761 Thread 0x00007fd874192800 1096       3       java.lang.ref.PhantomReference::<init> (7 bytes)
Event: 6.761 Thread 0x00007fd874192800 nmethod 1096 0x00007fd85b00ca90 code [0x00007fd85b00cc60, 0x00007fd85b00cf90]
Event: 6.796 Thread 0x00007fd874192800 1097       3       java.nio.Buffer::nextPutIndex (38 bytes)
Event: 6.796 Thread 0x00007fd874192800 nmethod 1097 0x00007fd85b00d090 code [0x00007fd85b00d260, 0x00007fd85b00d488]
Event: 6.796 Thread 0x00007fd874192800 1098       3       java.nio.HeapByteBuffer::byteOffset (7 bytes)
Event: 6.796 Thread 0x00007fd874192800 nmethod 1098 0x00007fd85b00d590 code [0x00007fd85b00d740, 0x00007fd85b00d890]

GC Heap History (10 events):
Event: 5.942 GC heap before
{Heap before GC invocations=14 (full 0):
 garbage-first heap   total 152576K, used 59321K [0x0000000084c00000, 0x0000000100000000)
  region size 1024K, 58 young (59392K), 3 survivors (3072K)
 Metaspace       used 526568K, capacity 526717K, committed 527016K, reserved 1574912K
  class space    used 1117K, capacity 1175K, committed 1280K, reserved 1048576K
}
Event: 5.961 GC heap after
{Heap after GC invocations=15 (full 0):
 garbage-first heap   total 152576K, used 19317K [0x0000000084c00000, 0x0000000100000000)
  region size 1024K, 8 young (8192K), 8 survivors (8192K)
 Metaspace       used 526568K, capacity 526717K, committed 527016K, reserved 1574912K
  class space    used 1117K, capacity 1175K, committed 1280K, reserved 1048576K
}
Event: 6.264 GC heap before
{Heap before GC invocations=15 (full 0):
 garbage-first heap   total 152576K, used 96117K [0x0000000084c00000, 0x0000000100000000)
  region size 1024K, 83 young (84992K), 8 survivors (8192K)
 Metaspace       used 526573K, capacity 526717K, committed 527016K, reserved 1574912K
  class space    used 1118K, capacity 1175K, committed 1280K, reserved 1048576K
}
Event: 6.295 GC heap after
{Heap after GC invocations=16 (full 0):
 garbage-first heap   total 152576K, used 45035K [0x0000000084c00000, 0x0000000100000000)
  region size 1024K, 11 young (11264K), 11 survivors (11264K)
 Metaspace       used 526573K, capacity 526717K, committed 527016K, reserved 1574912K
  class space    used 1118K, capacity 1175K, committed 1280K, reserved 1048576K
}
Event: 6.480 GC heap before
{Heap before GC invocations=16 (full 0):
 garbage-first heap   total 152576K, used 100331K [0x0000000084c00000, 0x0000000100000000)
  region size 1024K, 65 young (66560K), 11 survivors (11264K)
 Metaspace       used 526573K, capacity 526717K, committed 527016K, reserved 1574912K
  class space    used 1118K, capacity 1175K, committed 1280K, reserved 1048576K
}
Event: 6.494 GC heap after
{Heap after GC invocations=17 (full 0):
 garbage-first heap   total 152576K, used 64971K [0x0000000084c00000, 0x0000000100000000)
  region size 1024K, 9 young (9216K), 9 survivors (9216K)
 Metaspace       used 526573K, capacity 526717K, committed 527016K, reserved 1574912K
  class space    used 1118K, capacity 1175K, committed 1280K, reserved 1048576K
}
Event: 6.627 GC heap before
{Heap before GC invocations=17 (full 0):
 garbage-first heap   total 152576K, used 104907K [0x0000000084c00000, 0x0000000100000000)
  region size 1024K, 48 young (49152K), 9 survivors (9216K)
 Metaspace       used 526573K, capacity 526717K, committed 527016K, reserved 1574912K
  class space    used 1118K, capacity 1175K, committed 1280K, reserved 1048576K
}
Event: 6.638 GC heap after
{Heap after GC invocations=18 (full 0):
 garbage-first heap   total 152576K, used 79872K [0x0000000084c00000, 0x0000000100000000)
  region size 1024K, 6 young (6144K), 6 survivors (6144K)
 Metaspace       used 526573K, capacity 526717K, committed 527016K, reserved 1574912K
  class space    used 1118K, capacity 1175K, committed 1280K, reserved 1048576K
}
Event: 6.770 GC heap before
{Heap before GC invocations=18 (full 0):
 garbage-first heap   total 152576K, used 109568K [0x0000000084c00000, 0x0000000100000000)
  region size 1024K, 35 young (35840K), 6 survivors (6144K)
 Metaspace       used 526573K, capacity 526717K, committed 527016K, reserved 1574912K
  class space    used 1118K, capacity 1175K, committed 1280K, reserved 1048576K
}
Event: 6.778 GC heap after
{Heap after GC invocations=19 (full 0):
 garbage-first heap   total 187392K, used 92160K [0x0000000084c00000, 0x0000000100000000)
  region size 1024K, 5 young (5120K), 5 survivors (5120K)
 Metaspace       used 526573K, capacity 526717K, committed 527016K, reserved 1574912K
  class space    used 1118K, capacity 1175K, committed 1280K, reserved 1048576K
}

Deoptimization events (10 events):
Event: 1.086 Thread 0x00007fd874014800 Uncommon trap: reason=unstable_if action=reinterpret pc=0x00007fd8622b0f54 method=org.objectweb.asm.Type.getArgumentsAndReturnSizes(Ljava/lang/String;)I @ 100 c2
Event: 1.117 Thread 0x00007fd874014800 Uncommon trap: reason=unstable_if action=reinterpret pc=0x00007fd8622bb9d8 method=com.anarsoft.trace.agent.runtime.filter.FilterStateBasedOnList.take(Ljava/lang/String;)Z @ 32 c2
Event: 3.405 Thread 0x00007fd874014800 Uncommon trap: reason=unstable_if action=reinterpret pc=0x00007fd8622f3e60 method=org.objectweb.asm.Type.getArgumentsAndReturnSizes(Ljava/lang/String;)I @ 112 c2
Event: 3.405 Thread 0x00007fd874014800 Uncommon trap: reason=unstable_if action=reinterpret pc=0x00007fd8622f872c method=org.objectweb.asm.Type.getArgumentsAndReturnSizes(Ljava/lang/String;)I @ 112 c2
Event: 3.466 Thread 0x00007fd874014800 Uncommon trap: reason=unstable_if action=reinterpret pc=0x00007fd86230cd78 method=com.anarsoft.trace.agent.runtime.transformer.MethodTransformer.visitFieldInsn(ILjava/lang/String;Ljava/lang/String;Ljava/lang/String;)V @ 181 c2
Event: 5.056 Thread 0x00007fd874014800 Uncommon trap: reason=unstable_if action=reinterpret pc=0x00007fd86233e2ec method=org.objectweb.asm.Type.getArgumentsAndReturnSizes(Ljava/lang/String;)I @ 118 c2
Event: 5.056 Thread 0x00007fd874014800 Uncommon trap: reason=unstable_if action=reinterpret pc=0x00007fd862341a94 method=org.objectweb.asm.Type.getArgumentsAndReturnSizes(Ljava/lang/String;)I @ 118 c2
Event: 5.668 Thread 0x00007fd877c46000 Uncommon trap: reason=unstable_if action=reinterpret pc=0x00007fd862367f64 method=java.lang.ThreadLocal.get()Ljava/lang/Object; @ 11 c2
Event: 5.768 Thread 0x00007fd877c46000 Uncommon trap: reason=unstable_if action=reinterpret pc=0x00007fd86237d6d0 method=java.io.BufferedOutputStream.write([BII)V @ 51 c2
Event: 6.165 Thread 0x00007fd877c46000 Uncommon trap: reason=unstable_if action=reinterpret pc=0x00007fd86239e9a8 method=com.anarsoft.trace.agent.runtime.WriteEvent2File.checkForNewSlidingWindowId()V @ 19 c2

Classes redefined (10 events):
Event: 5.646 Thread 0x00007fd87416c000 redefined class name=java.util.HashSet, count=1
Event: 5.647 Thread 0x00007fd87416c000 redefined class name=java.util.Objects, count=1
Event: 5.649 Thread 0x00007fd87416c000 redefined class name=java.util.ImmutableCollections$Set1, count=1
Event: 5.650 Thread 0x00007fd87416c000 redefined class name=java.util.ImmutableCollections$AbstractImmutableSet, count=1
Event: 5.651 Thread 0x00007fd87416c000 redefined class name=java.util.AbstractSet, count=1
Event: 5.653 Thread 0x00007fd87416c000 redefined class name=java.util.AbstractCollection, count=1
Event: 5.654 Thread 0x00007fd87416c000 redefined class name=java.util.jar.Manifest, count=1
Event: 5.656 Thread 0x00007fd87416c000 redefined class name=java.util.Properties, count=1
Event: 5.657 Thread 0x00007fd87416c000 redefined class name=java.util.Hashtable, count=1
Event: 5.658 Thread 0x00007fd87416c000 redefined class name=java.util.Dictionary, count=1

Internal exceptions (10 events):
Event: 0.135 Thread 0x00007fd874014800 Exception <a 'java/lang/NoSuchMethodError'{0x000000008c7c86d0}: method resolution failed> (0x000000008c7c86d0) thrown at [/build/openjdk-lts-Ae5PRQ/openjdk-lts-10.0.2+13/src/hotspot/share/prims/methodHandles.cpp, line 1226]
Event: 0.142 Thread 0x00007fd874014800 Exception <a 'java/lang/NoSuchMethodError'{0x000000008c7da538}: java.lang.invoke.DirectMethodHandle$Holder.invokeVirtual(Ljava/lang/Object;Ljava/lang/Object;)V> (0x000000008c7da538) thrown at [/build/openjdk-lts-Ae5PRQ/openjdk-lts-10.0.2+13/src/hotspot/sh
Event: 0.143 Thread 0x00007fd874014800 Exception <a 'java/lang/NoSuchMethodError'{0x000000008c7dfc38}: method resolution failed> (0x000000008c7dfc38) thrown at [/build/openjdk-lts-Ae5PRQ/openjdk-lts-10.0.2+13/src/hotspot/share/prims/methodHandles.cpp, line 1226]
Event: 0.147 Thread 0x00007fd874014800 Exception <a 'java/lang/NoSuchMethodError'{0x000000008c7f53d8}: java.lang.invoke.DirectMethodHandle$Holder.invokeInterface(Ljava/lang/Object;Ljava/lang/Object;Ljava/lang/Object;)I> (0x000000008c7f53d8) thrown at [/build/openjdk-lts-Ae5PRQ/openjdk-lts-10.0
Event: 0.153 Thread 0x00007fd874014800 Exception <a 'java/lang/NoSuchMethodError'{0x000000008c617a10}: method resolution failed> (0x000000008c617a10) thrown at [/build/openjdk-lts-Ae5PRQ/openjdk-lts-10.0.2+13/src/hotspot/share/prims/methodHandles.cpp, line 1226]
Event: 0.191 Thread 0x00007fd874014800 Exception <a 'java/security/PrivilegedActionException'{0x000000008c6e7d90}> (0x000000008c6e7d90) thrown at [/build/openjdk-lts-Ae5PRQ/openjdk-lts-10.0.2+13/src/hotspot/share/prims/jvm.cpp, line 1345]
Event: 0.191 Thread 0x00007fd874014800 Exception <a 'java/security/PrivilegedActionException'{0x000000008c6e8060}> (0x000000008c6e8060) thrown at [/build/openjdk-lts-Ae5PRQ/openjdk-lts-10.0.2+13/src/hotspot/share/prims/jvm.cpp, line 1345]
Event: 5.668 Thread 0x00007fd877c46000 Implicit null exception at 0x00007fd862367e5a to 0x00007fd862367f52
Event: 6.829 Thread 0x00007fd874014800 StackOverflowError at 0x00007fd85b005e20
Event: 6.829 Thread 0x00007fd874014800 Exception <a 'java/lang/StackOverflowError'{0x000000008fda1270}> (0x000000008fda1270) thrown at [/build/openjdk-lts-Ae5PRQ/openjdk-lts-10.0.2+13/src/hotspot/share/runtime/sharedRuntime.cpp, line 600]

Events (10 events):
Event: 6.263 Executing VM operation: G1IncCollectionPause
Event: 6.295 Executing VM operation: G1IncCollectionPause done
Event: 6.325 Thread 0x00007fd877c46000 DEOPT PACKING pc=0x00007fd85b00a298 sp=0x00007fd7d0146980
Event: 6.325 Thread 0x00007fd877c46000 DEOPT UNPACKING pc=0x00007fd85a7e3dba sp=0x00007fd7d0145ec0 mode 0
Event: 6.479 Executing VM operation: G1IncCollectionPause
Event: 6.494 Executing VM operation: G1IncCollectionPause done
Event: 6.627 Executing VM operation: G1IncCollectionPause
Event: 6.638 Executing VM operation: G1IncCollectionPause done
Event: 6.770 Executing VM operation: G1IncCollectionPause
Event: 6.778 Executing VM operation: G1IncCollectionPause done


Dynamic libraries:
84c00000-90300000 rw-p 00000000 00:00 0 
90300000-100000000 ---p 00000000 00:00 0 
100000000-100140000 rw-p 00000000 00:00 0 
100140000-140000000 ---p 00000000 00:00 0 
55e1d10a1000-55e1d10a2000 r-xp 00000000 08:16 1971217                    /usr/lib/jvm/java-11-openjdk-amd64/bin/java
55e1d12a2000-55e1d12a3000 r--p 00001000 08:16 1971217                    /usr/lib/jvm/java-11-openjdk-amd64/bin/java
55e1d12a3000-55e1d12a4000 rw-p 00002000 08:16 1971217                    /usr/lib/jvm/java-11-openjdk-amd64/bin/java
55e1d2794000-55e1d27b5000 rw-p 00000000 00:00 0                          [heap]
7fd78c000000-7fd78c021000 rw-p 00000000 00:00 0 
7fd78c021000-7fd790000000 ---p 00000000 00:00 0 
7fd794000000-7fd795952000 rw-p 00000000 00:00 0 
7fd795952000-7fd798000000 ---p 00000000 00:00 0 
7fd798000000-7fd79bffb000 rw-p 00000000 00:00 0 
7fd79bffb000-7fd79c000000 ---p 00000000 00:00 0 
7fd79c400000-7fd79c580000 rw-p 00000000 00:00 0 
7fd79c580000-7fd79c600000 ---p 00000000 00:00 0 
7fd79c600000-7fd79c800000 rw-p 00000000 00:00 0 
7fd79c800000-7fd79ca00000 rw-p 00000000 00:00 0 
7fd79ca00000-7fd79cc00000 rw-p 00000000 00:00 0 
7fd79cc00000-7fd79ce00000 rw-p 00000000 00:00 0 
7fd79ce00000-7fd79d000000 rw-p 00000000 00:00 0 
7fd79d000000-7fd79d200000 rw-p 00000000 00:00 0 
7fd79d200000-7fd79d400000 rw-p 00000000 00:00 0 
7fd79d400000-7fd79d600000 rw-p 00000000 00:00 0 
7fd79d600000-7fd79d800000 rw-p 00000000 00:00 0 
7fd79d800000-7fd79da00000 rw-p 00000000 00:00 0 
7fd79da00000-7fd79dc00000 rw-p 00000000 00:00 0 
7fd79dc00000-7fd79de00000 rw-p 00000000 00:00 0 
7fd79de00000-7fd79e000000 rw-p 00000000 00:00 0 
7fd79e000000-7fd79e200000 rw-p 00000000 00:00 0 
7fd79e200000-7fd79e400000 rw-p 00000000 00:00 0 
7fd79e400000-7fd79e600000 rw-p 00000000 00:00 0 
7fd79e600000-7fd79e800000 rw-p 00000000 00:00 0 
7fd79e800000-7fd79ea00000 rw-p 00000000 00:00 0 
7fd79ea00000-7fd79ec00000 rw-p 00000000 00:00 0 
7fd79ec00000-7fd79ee00000 rw-p 00000000 00:00 0 
7fd79ee00000-7fd79f000000 rw-p 00000000 00:00 0 
7fd79f000000-7fd79f200000 rw-p 00000000 00:00 0 
7fd79f200000-7fd79f400000 rw-p 00000000 00:00 0 
7fd79f400000-7fd79f600000 rw-p 00000000 00:00 0 
7fd79f600000-7fd79f800000 rw-p 00000000 00:00 0 
7fd79f800000-7fd79fa00000 rw-p 00000000 00:00 0 
7fd79fa00000-7fd79fc00000 rw-p 00000000 00:00 0 
7fd79fc00000-7fd79fe00000 rw-p 00000000 00:00 0 
7fd79fe00000-7fd7a0000000 rw-p 00000000 00:00 0 
7fd7a0000000-7fd7a3ff3000 rw-p 00000000 00:00 0 
7fd7a3ff3000-7fd7a4000000 ---p 00000000 00:00 0 
7fd7a4000000-7fd7a4200000 rw-p 00000000 00:00 0 
7fd7a4200000-7fd7a4400000 rw-p 00000000 00:00 0 
7fd7a4400000-7fd7a4600000 rw-p 00000000 00:00 0 
7fd7a4600000-7fd7a4800000 rw-p 00000000 00:00 0 
7fd7a4800000-7fd7a4a00000 rw-p 00000000 00:00 0 
7fd7a4a00000-7fd7a4c00000 rw-p 00000000 00:00 0 
7fd7a4c00000-7fd7a4e00000 rw-p 00000000 00:00 0 
7fd7a4e00000-7fd7a5000000 rw-p 00000000 00:00 0 
7fd7a5000000-7fd7a5200000 rw-p 00000000 00:00 0 
7fd7a5200000-7fd7a5400000 rw-p 00000000 00:00 0 
7fd7a5400000-7fd7a5600000 rw-p 00000000 00:00 0 
7fd7a5600000-7fd7a5800000 rw-p 00000000 00:00 0 
7fd7a5800000-7fd7a5a00000 rw-p 00000000 00:00 0 
7fd7a5a00000-7fd7a5c00000 rw-p 00000000 00:00 0 
7fd7a5c00000-7fd7a5e00000 rw-p 00000000 00:00 0 
7fd7a5e00000-7fd7a6000000 rw-p 00000000 00:00 0 
7fd7a6000000-7fd7a6200000 rw-p 00000000 00:00 0 
7fd7a6200000-7fd7a6400000 rw-p 00000000 00:00 0 
7fd7a6400000-7fd7a6600000 rw-p 00000000 00:00 0 
7fd7a6600000-7fd7a6800000 rw-p 00000000 00:00 0 
7fd7a6800000-7fd7a6a00000 rw-p 00000000 00:00 0 
7fd7a6a00000-7fd7a6c00000 rw-p 00000000 00:00 0 
7fd7a6c00000-7fd7a6e00000 rw-p 00000000 00:00 0 
7fd7a6e00000-7fd7a7000000 rw-p 00000000 00:00 0 
7fd7a7000000-7fd7a7200000 rw-p 00000000 00:00 0 
7fd7a7200000-7fd7a7400000 rw-p 00000000 00:00 0 
7fd7a7400000-7fd7a7600000 rw-p 00000000 00:00 0 
7fd7a7600000-7fd7a7800000 rw-p 00000000 00:00 0 
7fd7a7800000-7fd7a7a00000 rw-p 00000000 00:00 0 
7fd7a7a00000-7fd7a7c00000 rw-p 00000000 00:00 0 
7fd7a7c00000-7fd7a7e00000 rw-p 00000000 00:00 0 
7fd7a7e00000-7fd7a8000000 rw-p 00000000 00:00 0 
7fd7a8000000-7fd7abff3000 rw-p 00000000 00:00 0 
7fd7abff3000-7fd7ac000000 ---p 00000000 00:00 0 
7fd7ac000000-7fd7afff3000 rw-p 00000000 00:00 0 
7fd7afff3000-7fd7b0000000 ---p 00000000 00:00 0 
7fd7b0000000-7fd7b0200000 rw-p 00000000 00:00 0 
7fd7b0200000-7fd7b0400000 rw-p 00000000 00:00 0 
7fd7b0400000-7fd7b0600000 rw-p 00000000 00:00 0 
7fd7b0600000-7fd7b0800000 rw-p 00000000 00:00 0 
7fd7b0800000-7fd7b0a00000 rw-p 00000000 00:00 0 
7fd7b0a00000-7fd7b0c00000 rw-p 00000000 00:00 0 
7fd7b0c00000-7fd7b0e00000 rw-p 00000000 00:00 0 
7fd7b0e00000-7fd7b1000000 rw-p 00000000 00:00 0 
7fd7b1000000-7fd7b1200000 rw-p 00000000 00:00 0 
7fd7b1200000-7fd7b1400000 rw-p 00000000 00:00 0 
7fd7b1400000-7fd7b1600000 rw-p 00000000 00:00 0 
7fd7b1600000-7fd7b1800000 rw-p 00000000 00:00 0 
7fd7b1800000-7fd7b1a00000 rw-p 00000000 00:00 0 
7fd7b1a00000-7fd7b1c00000 rw-p 00000000 00:00 0 
7fd7b1c00000-7fd7b1e00000 rw-p 00000000 00:00 0 
7fd7b1e00000-7fd7b2000000 rw-p 00000000 00:00 0 
7fd7b2000000-7fd7b2200000 rw-p 00000000 00:00 0 
7fd7b2200000-7fd7b2400000 rw-p 00000000 00:00 0 
7fd7b2400000-7fd7b2600000 rw-p 00000000 00:00 0 
7fd7b2600000-7fd7b2800000 rw-p 00000000 00:00 0 
7fd7b2800000-7fd7b2a00000 rw-p 00000000 00:00 0 
7fd7b2a00000-7fd7b2c00000 rw-p 00000000 00:00 0 
7fd7b2c00000-7fd7b2e00000 rw-p 00000000 00:00 0 
7fd7b2e00000-7fd7b3000000 rw-p 00000000 00:00 0 
7fd7b3000000-7fd7b3200000 rw-p 00000000 00:00 0 
7fd7b3200000-7fd7b3400000 rw-p 00000000 00:00 0 
7fd7b3400000-7fd7b3600000 rw-p 00000000 00:00 0 
7fd7b3600000-7fd7b3800000 rw-p 00000000 00:00 0 
7fd7b3800000-7fd7b3a00000 rw-p 00000000 00:00 0 
7fd7b3a00000-7fd7b3c00000 rw-p 00000000 00:00 0 
7fd7b3c00000-7fd7b3e00000 rw-p 00000000 00:00 0 
7fd7b3e00000-7fd7b4000000 rw-p 00000000 00:00 0 
7fd7b4000000-7fd7b7ff7000 rw-p 00000000 00:00 0 
7fd7b7ff7000-7fd7b8000000 ---p 00000000 00:00 0 
7fd7b8000000-7fd7b8200000 rw-p 00000000 00:00 0 
7fd7b8200000-7fd7b8400000 rw-p 00000000 00:00 0 
7fd7b8400000-7fd7b8600000 rw-p 00000000 00:00 0 
7fd7b8600000-7fd7b8800000 rw-p 00000000 00:00 0 
7fd7b8800000-7fd7b8a00000 rw-p 00000000 00:00 0 
7fd7b8a00000-7fd7b8c00000 rw-p 00000000 00:00 0 
7fd7b8c00000-7fd7b8e00000 rw-p 00000000 00:00 0 
7fd7b8e00000-7fd7b9000000 rw-p 00000000 00:00 0 
7fd7b9000000-7fd7b9200000 rw-p 00000000 00:00 0 
7fd7b9200000-7fd7b9400000 rw-p 00000000 00:00 0 
7fd7b9400000-7fd7b9600000 rw-p 00000000 00:00 0 
7fd7b9600000-7fd7b9800000 rw-p 00000000 00:00 0 
7fd7b9800000-7fd7b9a00000 rw-p 00000000 00:00 0 
7fd7b9a00000-7fd7b9c00000 rw-p 00000000 00:00 0 
7fd7b9c00000-7fd7b9e00000 rw-p 00000000 00:00 0 
7fd7b9e00000-7fd7ba000000 rw-p 00000000 00:00 0 
7fd7ba000000-7fd7ba200000 rw-p 00000000 00:00 0 
7fd7ba200000-7fd7ba400000 rw-p 00000000 00:00 0 
7fd7ba400000-7fd7ba600000 rw-p 00000000 00:00 0 
7fd7ba600000-7fd7ba800000 rw-p 00000000 00:00 0 
7fd7ba800000-7fd7baa00000 rw-p 00000000 00:00 0 
7fd7baa00000-7fd7bac00000 rw-p 00000000 00:00 0 
7fd7bac00000-7fd7bae00000 rw-p 00000000 00:00 0 
7fd7bae00000-7fd7bb000000 rw-p 00000000 00:00 0 
7fd7bb000000-7fd7bb200000 rw-p 00000000 00:00 0 
7fd7bb200000-7fd7bb400000 rw-p 00000000 00:00 0 
7fd7bb400000-7fd7bb600000 rw-p 00000000 00:00 0 
7fd7bb600000-7fd7bb800000 rw-p 00000000 00:00 0 
7fd7bb800000-7fd7bba00000 rw-p 00000000 00:00 0 
7fd7bba00000-7fd7bbc00000 rw-p 00000000 00:00 0 
7fd7bbc00000-7fd7bbe00000 rw-p 00000000 00:00 0 
7fd7bbe00000-7fd7bc000000 rw-p 00000000 00:00 0 
7fd7bc000000-7fd7c0000000 rw-p 00000000 00:00 0 
7fd7c0000000-7fd7c0200000 rw-p 00000000 00:00 0 
7fd7c0200000-7fd7c0400000 rw-p 00000000 00:00 0 
7fd7c0400000-7fd7c0600000 rw-p 00000000 00:00 0 
7fd7c0600000-7fd7c0800000 rw-p 00000000 00:00 0 
7fd7c0800000-7fd7c0a00000 rw-p 00000000 00:00 0 
7fd7c0a00000-7fd7c0c00000 rw-p 00000000 00:00 0 
7fd7c0c00000-7fd7c0e00000 rw-p 00000000 00:00 0 
7fd7c0e00000-7fd7c1000000 rw-p 00000000 00:00 0 
7fd7c1000000-7fd7c1200000 rw-p 00000000 00:00 0 
7fd7c1200000-7fd7c1400000 rw-p 00000000 00:00 0 
7fd7c1400000-7fd7c1600000 rw-p 00000000 00:00 0 
7fd7c1600000-7fd7c1800000 rw-p 00000000 00:00 0 
7fd7c1800000-7fd7c1a00000 rw-p 00000000 00:00 0 
7fd7c1a00000-7fd7c1c00000 rw-p 00000000 00:00 0 
7fd7c1c00000-7fd7c1e00000 rw-p 00000000 00:00 0 
7fd7c1e00000-7fd7c2000000 rw-p 00000000 00:00 0 
7fd7c2000000-7fd7c2200000 rw-p 00000000 00:00 0 
7fd7c2200000-7fd7c2400000 rw-p 00000000 00:00 0 
7fd7c2400000-7fd7c2600000 rw-p 00000000 00:00 0 
7fd7c2600000-7fd7c2800000 rw-p 00000000 00:00 0 
7fd7c2800000-7fd7c2a00000 rw-p 00000000 00:00 0 
7fd7c2a00000-7fd7c2c00000 rw-p 00000000 00:00 0 
7fd7c2c00000-7fd7c2e00000 rw-p 00000000 00:00 0 
7fd7c2e00000-7fd7c3000000 rw-p 00000000 00:00 0 
7fd7c3000000-7fd7c3200000 rw-p 00000000 00:00 0 
7fd7c3200000-7fd7c3400000 rw-p 00000000 00:00 0 
7fd7c3400000-7fd7c3600000 rw-p 00000000 00:00 0 
7fd7c3600000-7fd7c3800000 rw-p 00000000 00:00 0 
7fd7c3800000-7fd7c3a00000 rw-p 00000000 00:00 0 
7fd7c3a00000-7fd7c3c00000 rw-p 00000000 00:00 0 
7fd7c3c00000-7fd7c3e00000 rw-p 00000000 00:00 0 
7fd7c3e00000-7fd7c4000000 rw-p 00000000 00:00 0 
7fd7c4000000-7fd7c7fff000 rw-p 00000000 00:00 0 
7fd7c7fff000-7fd7c8000000 ---p 00000000 00:00 0 
7fd7c8084000-7fd7c8284000 rw-p 00000000 00:00 0 
7fd7c8284000-7fd7c8484000 rw-p 00000000 00:00 0 
7fd7c8484000-7fd7c8684000 rw-p 00000000 00:00 0 
7fd7c8684000-7fd7c8884000 rw-p 00000000 00:00 0 
7fd7c8884000-7fd7c8a84000 rw-p 00000000 00:00 0 
7fd7c8a84000-7fd7c8c84000 rw-p 00000000 00:00 0 
7fd7c8c84000-7fd7c8e84000 rw-p 00000000 00:00 0 
7fd7c8e84000-7fd7c9084000 rw-p 00000000 00:00 0 
7fd7c9145000-7fd7c9345000 rw-p 00000000 00:00 0 
7fd7c9345000-7fd7c9545000 rw-p 00000000 00:00 0 
7fd7c9545000-7fd7c9745000 rw-p 00000000 00:00 0 
7fd7c9745000-7fd7c993e000 rw-p 00000000 00:00 0 
7fd7c993e000-7fd7c9945000 ---p 00000000 00:00 0 
7fd7c9945000-7fd7c9b45000 rw-p 00000000 00:00 0 
7fd7c9b45000-7fd7c9d45000 rw-p 00000000 00:00 0 
7fd7c9d45000-7fd7c9f45000 rw-p 00000000 00:00 0 
7fd7c9f45000-7fd7ca145000 rw-p 00000000 00:00 0 
7fd7ca145000-7fd7ca345000 rw-p 00000000 00:00 0 
7fd7ca345000-7fd7ca545000 rw-p 00000000 00:00 0 
7fd7ca545000-7fd7ca745000 rw-p 00000000 00:00 0 
7fd7ca745000-7fd7ca945000 rw-p 00000000 00:00 0 
7fd7ca945000-7fd7cab45000 rw-p 00000000 00:00 0 
7fd7cab45000-7fd7cad45000 rw-p 00000000 00:00 0 
7fd7cad45000-7fd7caf45000 rw-p 00000000 00:00 0 
7fd7cb000000-7fd7cb200000 rw-p 00000000 00:00 0 
7fd7cb200000-7fd7cb400000 rw-p 00000000 00:00 0 
7fd7cb400000-7fd7cb600000 rw-p 00000000 00:00 0 
7fd7cb600000-7fd7cb800000 rw-p 00000000 00:00 0 
7fd7cb800000-7fd7cba00000 rw-p 00000000 00:00 0 
7fd7cba00000-7fd7cbc00000 rw-p 00000000 00:00 0 
7fd7cbc00000-7fd7cbe00000 rw-p 00000000 00:00 0 
7fd7cbe00000-7fd7cc000000 rw-p 00000000 00:00 0 
7fd7cc000000-7fd7d0000000 rw-p 00000000 00:00 0 
7fd7d0047000-7fd7d004b000 ---p 00000000 00:00 0 
7fd7d004b000-7fd7d0348000 rw-p 00000000 00:00 0 
7fd7d0348000-7fd7d0548000 rw-p 00000000 00:00 0 
7fd7d0548000-7fd7d0748000 rw-p 00000000 00:00 0 
7fd7d0748000-7fd7d0948000 rw-p 00000000 00:00 0 
7fd7d0948000-7fd7d0b48000 rw-p 00000000 00:00 0 
7fd7d0b48000-7fd7d0d48000 rw-p 00000000 00:00 0 
7fd7d0d48000-7fd7d0f48000 rw-p 00000000 00:00 0 
7fd7d0f48000-7fd7d1148000 rw-p 00000000 00:00 0 
7fd7d1148000-7fd7d1348000 rw-p 00000000 00:00 0 
7fd7d1348000-7fd7d1548000 rw-p 00000000 00:00 0 
7fd7d1548000-7fd7d1748000 rw-p 00000000 00:00 0 
7fd7d1748000-7fd7d1948000 rw-p 00000000 00:00 0 
7fd7d1948000-7fd7d1b48000 rw-p 00000000 00:00 0 
7fd7d1b48000-7fd7d1d48000 rw-p 00000000 00:00 0 
7fd7d1d48000-7fd7d1f48000 rw-p 00000000 00:00 0 
7fd7d1f48000-7fd7d2148000 rw-p 00000000 00:00 0 
7fd7d2148000-7fd7d2348000 rw-p 00000000 00:00 0 
7fd7d2348000-7fd7d2548000 rw-p 00000000 00:00 0 
7fd7d2548000-7fd7d2748000 rw-p 00000000 00:00 0 
7fd7d2748000-7fd7d2948000 rw-p 00000000 00:00 0 
7fd7d2948000-7fd7d2b48000 rw-p 00000000 00:00 0 
7fd7d2b48000-7fd7d2d48000 rw-p 00000000 00:00 0 
7fd7d2d48000-7fd7d2f48000 rw-p 00000000 00:00 0 
7fd7d2f48000-7fd7d3148000 rw-p 00000000 00:00 0 
7fd7d3148000-7fd7d3348000 rw-p 00000000 00:00 0 
7fd7d3348000-7fd7d3548000 rw-p 00000000 00:00 0 
7fd7d3548000-7fd7d3748000 rw-p 00000000 00:00 0 
7fd7d3748000-7fd7d3948000 rw-p 00000000 00:00 0 
7fd7d3948000-7fd7d3b48000 rw-p 00000000 00:00 0 
7fd7d3b48000-7fd7d3d48000 rw-p 00000000 00:00 0 
7fd7d3d48000-7fd7d3f48000 rw-p 00000000 00:00 0 
7fd7d4000000-7fd7d4200000 rw-p 00000000 00:00 0 
7fd7d4200000-7fd7d4400000 rw-p 00000000 00:00 0 
7fd7d4400000-7fd7d4600000 rw-p 00000000 00:00 0 
7fd7d4600000-7fd7d4800000 rw-p 00000000 00:00 0 
7fd7d4800000-7fd7d4a00000 rw-p 00000000 00:00 0 
7fd7d4a00000-7fd7d4c00000 rw-p 00000000 00:00 0 
7fd7d4c00000-7fd7d4e00000 rw-p 00000000 00:00 0 
7fd7d4e00000-7fd7d5000000 rw-p 00000000 00:00 0 
7fd7d5000000-7fd7d5200000 rw-p 00000000 00:00 0 
7fd7d5200000-7fd7d5400000 rw-p 00000000 00:00 0 
7fd7d5400000-7fd7d5600000 rw-p 00000000 00:00 0 
7fd7d5600000-7fd7d5800000 rw-p 00000000 00:00 0 
7fd7d5800000-7fd7d5a00000 rw-p 00000000 00:00 0 
7fd7d5a00000-7fd7d5c00000 rw-p 00000000 00:00 0 
7fd7d5c00000-7fd7d5e00000 rw-p 00000000 00:00 0 
7fd7d5e00000-7fd7d6000000 rw-p 00000000 00:00 0 
7fd7d6000000-7fd7d6200000 rw-p 00000000 00:00 0 
7fd7d6200000-7fd7d6400000 rw-p 00000000 00:00 0 
7fd7d6400000-7fd7d6600000 rw-p 00000000 00:00 0 
7fd7d6600000-7fd7d67f1000 rw-p 00000000 00:00 0 
7fd7d67f1000-7fd7d6800000 ---p 00000000 00:00 0 
7fd7d6800000-7fd7d6a00000 rw-p 00000000 00:00 0 
7fd7d6a00000-7fd7d6c00000 rw-p 00000000 00:00 0 
7fd7d6c00000-7fd7d6e00000 rw-p 00000000 00:00 0 
7fd7d6e00000-7fd7d7000000 rw-p 00000000 00:00 0 
7fd7d7000000-7fd7d7200000 rw-p 00000000 00:00 0 
7fd7d7200000-7fd7d7400000 rw-p 00000000 00:00 0 
7fd7d7400000-7fd7d7600000 rw-p 00000000 00:00 0 
7fd7d7600000-7fd7d7800000 rw-p 00000000 00:00 0 
7fd7d7800000-7fd7d7a00000 rw-p 00000000 00:00 0 
7fd7d7a00000-7fd7d7c00000 rw-p 00000000 00:00 0 
7fd7d7c00000-7fd7d7e00000 rw-p 00000000 00:00 0 
7fd7d7e00000-7fd7d8000000 rw-p 00000000 00:00 0 
7fd7d8000000-7fd7d8021000 rw-p 00000000 00:00 0 
7fd7d8021000-7fd7dc000000 ---p 00000000 00:00 0 
7fd7dc000000-7fd7dc021000 rw-p 00000000 00:00 0 
7fd7dc021000-7fd7e0000000 ---p 00000000 00:00 0 
7fd7e0000000-7fd7e223c000 rw-p 00000000 00:00 0 
7fd7e223c000-7fd7e4000000 ---p 00000000 00:00 0 
7fd7e4000000-7fd7e46b5000 rw-p 00000000 00:00 0 
7fd7e46b5000-7fd7e8000000 ---p 00000000 00:00 0 
7fd7e8000000-7fd7e9873000 rw-p 00000000 00:00 0 
7fd7e9873000-7fd7ec000000 ---p 00000000 00:00 0 
7fd7ec000000-7fd7ef3eb000 rw-p 00000000 00:00 0 
7fd7ef3eb000-7fd7f0000000 ---p 00000000 00:00 0 
7fd7f0000000-7fd7f0021000 rw-p 00000000 00:00 0 
7fd7f0021000-7fd7f4000000 ---p 00000000 00:00 0 
7fd7f4000000-7fd7f4021000 rw-p 00000000 00:00 0 
7fd7f4021000-7fd7f8000000 ---p 00000000 00:00 0 
7fd7f8000000-7fd7f803a000 rw-p 00000000 00:00 0 
7fd7f803a000-7fd7fc000000 ---p 00000000 00:00 0 
7fd7fc000000-7fd7fc021000 rw-p 00000000 00:00 0 
7fd7fc021000-7fd800000000 ---p 00000000 00:00 0 
7fd800000000-7fd800021000 rw-p 00000000 00:00 0 
7fd800021000-7fd804000000 ---p 00000000 00:00 0 
7fd804000000-7fd804021000 rw-p 00000000 00:00 0 
7fd804021000-7fd808000000 ---p 00000000 00:00 0 
7fd808000000-7fd808021000 rw-p 00000000 00:00 0 
7fd808021000-7fd80c000000 ---p 00000000 00:00 0 
7fd80c000000-7fd80c021000 rw-p 00000000 00:00 0 
7fd80c021000-7fd810000000 ---p 00000000 00:00 0 
7fd810000000-7fd810021000 rw-p 00000000 00:00 0 
7fd810021000-7fd814000000 ---p 00000000 00:00 0 
7fd814000000-7fd814021000 rw-p 00000000 00:00 0 
7fd814021000-7fd818000000 ---p 00000000 00:00 0 
7fd818000000-7fd818021000 rw-p 00000000 00:00 0 
7fd818021000-7fd81c000000 ---p 00000000 00:00 0 
7fd81c000000-7fd81c021000 rw-p 00000000 00:00 0 
7fd81c021000-7fd820000000 ---p 00000000 00:00 0 
7fd820000000-7fd820021000 rw-p 00000000 00:00 0 
7fd820021000-7fd824000000 ---p 00000000 00:00 0 
7fd824047000-7fd824247000 rw-p 00000000 00:00 0 
7fd824247000-7fd82424b000 ---p 00000000 00:00 0 
7fd82424b000-7fd824348000 rw-p 00000000 00:00 0 
7fd824348000-7fd82435f000 r-xp 00000000 08:16 1971620                    /usr/lib/jvm/java-11-openjdk-amd64/lib/libnet.so
7fd82435f000-7fd82455e000 ---p 00017000 08:16 1971620                    /usr/lib/jvm/java-11-openjdk-amd64/lib/libnet.so
7fd82455e000-7fd82455f000 r--p 00016000 08:16 1971620                    /usr/lib/jvm/java-11-openjdk-amd64/lib/libnet.so
7fd82455f000-7fd824560000 rw-p 00017000 08:16 1971620                    /usr/lib/jvm/java-11-openjdk-amd64/lib/libnet.so
7fd824560000-7fd824571000 r-xp 00000000 08:16 1971621                    /usr/lib/jvm/java-11-openjdk-amd64/lib/libnio.so
7fd824571000-7fd824770000 ---p 00011000 08:16 1971621                    /usr/lib/jvm/java-11-openjdk-amd64/lib/libnio.so
7fd824770000-7fd824771000 r--p 00010000 08:16 1971621                    /usr/lib/jvm/java-11-openjdk-amd64/lib/libnio.so
7fd824771000-7fd824772000 rw-p 00011000 08:16 1971621                    /usr/lib/jvm/java-11-openjdk-amd64/lib/libnio.so
7fd824772000-7fd824776000 ---p 00000000 00:00 0 
7fd824776000-7fd824873000 rw-p 00000000 00:00 0 
7fd824873000-7fd824877000 ---p 00000000 00:00 0 
7fd824877000-7fd824974000 rw-p 00000000 00:00 0 
7fd824974000-7fd824978000 ---p 00000000 00:00 0 
7fd824978000-7fd824a75000 rw-p 00000000 00:00 0 
7fd824a75000-7fd824a79000 ---p 00000000 00:00 0 
7fd824a79000-7fd824b76000 rw-p 00000000 00:00 0 
7fd824b76000-7fd824b7a000 ---p 00000000 00:00 0 
7fd824b7a000-7fd824c77000 rw-p 00000000 00:00 0 
7fd824c77000-7fd824c7b000 ---p 00000000 00:00 0 
7fd824c7b000-7fd824d78000 rw-p 00000000 00:00 0 
7fd824d78000-7fd824d7c000 ---p 00000000 00:00 0 
7fd824d7c000-7fd824e79000 rw-p 00000000 00:00 0 
7fd824e79000-7fd824e7d000 ---p 00000000 00:00 0 
7fd824e7d000-7fd824f7a000 rw-p 00000000 00:00 0 
7fd824f7a000-7fd824f7b000 ---p 00000000 00:00 0 
7fd824f7b000-7fd8258f2000 rw-p 00000000 00:00 0 
7fd8258f2000-7fd8258f3000 ---p 00000000 00:00 0 
7fd8258f3000-7fd8259f4000 rw-p 00000000 00:00 0 
7fd8259f4000-7fd8259f5000 ---p 00000000 00:00 0 
7fd8259f5000-7fd825af6000 rw-p 00000000 00:00 0 
7fd825af6000-7fd825af7000 ---p 00000000 00:00 0 
7fd825af7000-7fd825bf8000 rw-p 00000000 00:00 0 
7fd825bf8000-7fd825bf9000 ---p 00000000 00:00 0 
7fd825bf9000-7fd825cfa000 rw-p 00000000 00:00 0 
7fd825cfa000-7fd825cfb000 ---p 00000000 00:00 0 
7fd825cfb000-7fd825dfc000 rw-p 00000000 00:00 0 
7fd825dfc000-7fd825dfd000 ---p 00000000 00:00 0 
7fd825dfd000-7fd825efe000 rw-p 00000000 00:00 0 
7fd825efe000-7fd825eff000 ---p 00000000 00:00 0 
7fd825eff000-7fd828000000 rw-p 00000000 00:00 0 
7fd828000000-7fd828021000 rw-p 00000000 00:00 0 
7fd828021000-7fd82c000000 ---p 00000000 00:00 0 
7fd82c000000-7fd82c021000 rw-p 00000000 00:00 0 
7fd82c021000-7fd830000000 ---p 00000000 00:00 0 
7fd830000000-7fd830021000 rw-p 00000000 00:00 0 
7fd830021000-7fd834000000 ---p 00000000 00:00 0 
7fd834000000-7fd83408d000 rw-p 00000000 00:00 0 
7fd83408d000-7fd838000000 ---p 00000000 00:00 0 
7fd83805c000-7fd83805d000 ---p 00000000 00:00 0 
7fd83805d000-7fd83815e000 rw-p 00000000 00:00 0 
7fd83815e000-7fd83815f000 ---p 00000000 00:00 0 
7fd83815f000-7fd83853c000 rw-p 00000000 00:00 0 
7fd83853c000-7fd83a130000 ---p 00000000 00:00 0 
7fd83a130000-7fd83a40c000 rw-p 00000000 00:00 0 
7fd83a40c000-7fd83c000000 ---p 00000000 00:00 0 
7fd83c000000-7fd83c030000 rw-p 00000000 00:00 0 
7fd83c030000-7fd840000000 ---p 00000000 00:00 0 
7fd840000000-7fd840037000 rw-p 00000000 00:00 0 
7fd840037000-7fd844000000 ---p 00000000 00:00 0 
7fd844000000-7fd844072000 rw-p 00000000 00:00 0 
7fd844072000-7fd848000000 ---p 00000000 00:00 0 
7fd848000000-7fd84806e000 rw-p 00000000 00:00 0 
7fd84806e000-7fd84c000000 ---p 00000000 00:00 0 
7fd84c000000-7fd84c028000 rw-p 00000000 00:00 0 
7fd84c028000-7fd850000000 ---p 00000000 00:00 0 
7fd850000000-7fd85002a000 rw-p 00000000 00:00 0 
7fd85002a000-7fd854000000 ---p 00000000 00:00 0 
7fd854000000-7fd85407e000 rw-p 00000000 00:00 0 
7fd85407e000-7fd858000000 ---p 00000000 00:00 0 
7fd85801d000-7fd858825000 rw-p 00000000 00:00 0 
7fd858825000-7fd858826000 ---p 00000000 00:00 0 
7fd858826000-7fd858927000 rw-p 00000000 00:00 0 
7fd858927000-7fd858928000 ---p 00000000 00:00 0 
7fd858928000-7fd858a29000 rw-p 00000000 00:00 0 
7fd858a29000-7fd858a2a000 ---p 00000000 00:00 0 
7fd858a2a000-7fd858b87000 rw-p 00000000 00:00 0 
7fd858b87000-7fd858f05000 ---p 00000000 00:00 0 
7fd858f05000-7fd858f61000 rw-p 00000000 00:00 0 
7fd858f61000-7fd8592df000 ---p 00000000 00:00 0 
7fd8592df000-7fd85933b000 rw-p 00000000 00:00 0 
7fd85933b000-7fd8596b9000 ---p 00000000 00:00 0 
7fd8596b9000-7fd859ec1000 rw-p 00000000 00:00 0 
7fd859ec1000-7fd859ec2000 ---p 00000000 00:00 0 
7fd859ec2000-7fd859fc3000 rw-p 00000000 00:00 0 
7fd859fc3000-7fd859fc4000 ---p 00000000 00:00 0 
7fd859fc4000-7fd85a0c5000 rw-p 00000000 00:00 0 
7fd85a0c5000-7fd85a0c6000 ---p 00000000 00:00 0 
7fd85a0c6000-7fd85a1c7000 rw-p 00000000 00:00 0 
7fd85a1c7000-7fd85a1c8000 ---p 00000000 00:00 0 
7fd85a1c8000-7fd85a2c9000 rw-p 00000000 00:00 0 
7fd85a2c9000-7fd85a2ca000 ---p 00000000 00:00 0 
7fd85a2ca000-7fd85a3cb000 rw-p 00000000 00:00 0 
7fd85a3cb000-7fd85a3cc000 ---p 00000000 00:00 0 
7fd85a3cc000-7fd85a4cd000 rw-p 00000000 00:00 0 
7fd85a4cd000-7fd85a4ce000 ---p 00000000 00:00 0 
7fd85a4ce000-7fd85a5cf000 rw-p 00000000 00:00 0 
7fd85a5cf000-7fd85a5d0000 ---p 00000000 00:00 0 
7fd85a5d0000-7fd85a6d6000 rw-p 00000000 00:00 0 
7fd85a6d6000-7fd85a7bc000 ---p 00000000 00:00 0 
7fd85a7bc000-7fd85aa2c000 rwxp 00000000 00:00 0 
7fd85aa2c000-7fd85ad4d000 ---p 00000000 00:00 0 
7fd85ad4d000-7fd85b01d000 rwxp 00000000 00:00 0 
7fd85b01d000-7fd862284000 ---p 00000000 00:00 0 
7fd862284000-7fd8624f4000 rwxp 00000000 00:00 0 
7fd8624f4000-7fd8697bc000 ---p 00000000 00:00 0 
7fd8697bc000-7fd872c97000 r--s 00000000 08:16 1971631                    /usr/lib/jvm/java-11-openjdk-amd64/lib/modules
7fd872c97000-7fd872c9c000 r-xp 00000000 08:16 1971611                    /usr/lib/jvm/java-11-openjdk-amd64/lib/libjimage.so
7fd872c9c000-7fd872e9b000 ---p 00005000 08:16 1971611                    /usr/lib/jvm/java-11-openjdk-amd64/lib/libjimage.so
7fd872e9b000-7fd872e9c000 r--p 00004000 08:16 1971611                    /usr/lib/jvm/java-11-openjdk-amd64/lib/libjimage.so
7fd872e9c000-7fd872e9d000 rw-p 00005000 08:16 1971611                    /usr/lib/jvm/java-11-openjdk-amd64/lib/libjimage.so
7fd872e9d000-7fd872ea4000 r-xp 00000000 08:16 1971630                    /usr/lib/jvm/java-11-openjdk-amd64/lib/libzip.so
7fd872ea4000-7fd8730a3000 ---p 00007000 08:16 1971630                    /usr/lib/jvm/java-11-openjdk-amd64/lib/libzip.so
7fd8730a3000-7fd8730a4000 r--p 00006000 08:16 1971630                    /usr/lib/jvm/java-11-openjdk-amd64/lib/libzip.so
7fd8730a4000-7fd8730a5000 rw-p 00007000 08:16 1971630                    /usr/lib/jvm/java-11-openjdk-amd64/lib/libzip.so
7fd8730a5000-7fd8730b0000 r-xp 00000000 08:16 4854505                    /lib/x86_64-linux-gnu/libnss_files-2.27.so
7fd8730b0000-7fd8732af000 ---p 0000b000 08:16 4854505                    /lib/x86_64-linux-gnu/libnss_files-2.27.so
7fd8732af000-7fd8732b0000 r--p 0000a000 08:16 4854505                    /lib/x86_64-linux-gnu/libnss_files-2.27.so
7fd8732b0000-7fd8732b1000 rw-p 0000b000 08:16 4854505                    /lib/x86_64-linux-gnu/libnss_files-2.27.so
7fd8732b1000-7fd8732b7000 rw-p 00000000 00:00 0 
7fd8732b7000-7fd8732ce000 r-xp 00000000 08:16 4854499                    /lib/x86_64-linux-gnu/libnsl-2.27.so
7fd8732ce000-7fd8734cd000 ---p 00017000 08:16 4854499                    /lib/x86_64-linux-gnu/libnsl-2.27.so
7fd8734cd000-7fd8734ce000 r--p 00016000 08:16 4854499                    /lib/x86_64-linux-gnu/libnsl-2.27.so
7fd8734ce000-7fd8734cf000 rw-p 00017000 08:16 4854499                    /lib/x86_64-linux-gnu/libnsl-2.27.so
7fd8734cf000-7fd8734d1000 rw-p 00000000 00:00 0 
7fd8734d1000-7fd8734dc000 r-xp 00000000 08:16 4854516                    /lib/x86_64-linux-gnu/libnss_nis-2.27.so
7fd8734dc000-7fd8736db000 ---p 0000b000 08:16 4854516                    /lib/x86_64-linux-gnu/libnss_nis-2.27.so
7fd8736db000-7fd8736dc000 r--p 0000a000 08:16 4854516                    /lib/x86_64-linux-gnu/libnss_nis-2.27.so
7fd8736dc000-7fd8736dd000 rw-p 0000b000 08:16 4854516                    /lib/x86_64-linux-gnu/libnss_nis-2.27.so
7fd8736dd000-7fd8736e5000 r-xp 00000000 08:16 4854501                    /lib/x86_64-linux-gnu/libnss_compat-2.27.so
7fd8736e5000-7fd8738e5000 ---p 00008000 08:16 4854501                    /lib/x86_64-linux-gnu/libnss_compat-2.27.so
7fd8738e5000-7fd8738e6000 r--p 00008000 08:16 4854501                    /lib/x86_64-linux-gnu/libnss_compat-2.27.so
7fd8738e6000-7fd8738e7000 rw-p 00009000 08:16 4854501                    /lib/x86_64-linux-gnu/libnss_compat-2.27.so
7fd8738e7000-7fd873bc7000 r--p 00000000 08:16 1972548                    /usr/lib/locale/locale-archive
7fd873bc7000-7fd873bd1000 r-xp 00000000 08:16 1971602                    /usr/lib/jvm/java-11-openjdk-amd64/lib/libinstrument.so
7fd873bd1000-7fd873dd0000 ---p 0000a000 08:16 1971602                    /usr/lib/jvm/java-11-openjdk-amd64/lib/libinstrument.so
7fd873dd0000-7fd873dd1000 r--p 00009000 08:16 1971602                    /usr/lib/jvm/java-11-openjdk-amd64/lib/libinstrument.so
7fd873dd1000-7fd873dd2000 rw-p 0000a000 08:16 1971602                    /usr/lib/jvm/java-11-openjdk-amd64/lib/libinstrument.so
7fd873dd2000-7fd873dfe000 r-xp 00000000 08:16 1971607                    /usr/lib/jvm/java-11-openjdk-amd64/lib/libjava.so
7fd873dfe000-7fd873ffd000 ---p 0002c000 08:16 1971607                    /usr/lib/jvm/java-11-openjdk-amd64/lib/libjava.so
7fd873ffd000-7fd873ffe000 r--p 0002b000 08:16 1971607                    /usr/lib/jvm/java-11-openjdk-amd64/lib/libjava.so
7fd873ffe000-7fd874000000 rw-p 0002c000 08:16 1971607                    /usr/lib/jvm/java-11-openjdk-amd64/lib/libjava.so
7fd874000000-7fd877ffc000 rw-p 00000000 00:00 0 
7fd877ffc000-7fd878000000 ---p 00000000 00:00 0 
7fd87802f000-7fd8780b1000 rw-p 00000000 00:00 0 
7fd8780b1000-7fd878196000 ---p 00000000 00:00 0 
7fd878196000-7fd8781a3000 r-xp 00000000 08:16 1971629                    /usr/lib/jvm/java-11-openjdk-amd64/lib/libverify.so
7fd8781a3000-7fd8783a2000 ---p 0000d000 08:16 1971629                    /usr/lib/jvm/java-11-openjdk-amd64/lib/libverify.so
7fd8783a2000-7fd8783a4000 r--p 0000c000 08:16 1971629                    /usr/lib/jvm/java-11-openjdk-amd64/lib/libverify.so
7fd8783a4000-7fd8783a5000 rw-p 0000e000 08:16 1971629                    /usr/lib/jvm/java-11-openjdk-amd64/lib/libverify.so
7fd8783a5000-7fd8783ac000 r-xp 00000000 08:16 4854556                    /lib/x86_64-linux-gnu/librt-2.27.so
7fd8783ac000-7fd8785ab000 ---p 00007000 08:16 4854556                    /lib/x86_64-linux-gnu/librt-2.27.so
7fd8785ab000-7fd8785ac000 r--p 00006000 08:16 4854556                    /lib/x86_64-linux-gnu/librt-2.27.so
7fd8785ac000-7fd8785ad000 rw-p 00007000 08:16 4854556                    /lib/x86_64-linux-gnu/librt-2.27.so
7fd8785ad000-7fd8785c4000 r-xp 00000000 08:16 4854452                    /lib/x86_64-linux-gnu/libgcc_s.so.1
7fd8785c4000-7fd8787c3000 ---p 00017000 08:16 4854452                    /lib/x86_64-linux-gnu/libgcc_s.so.1
7fd8787c3000-7fd8787c4000 r--p 00016000 08:16 4854452                    /lib/x86_64-linux-gnu/libgcc_s.so.1
7fd8787c4000-7fd8787c5000 rw-p 00017000 08:16 4854452                    /lib/x86_64-linux-gnu/libgcc_s.so.1
7fd8787c5000-7fd878962000 r-xp 00000000 08:16 4854478                    /lib/x86_64-linux-gnu/libm-2.27.so
7fd878962000-7fd878b61000 ---p 0019d000 08:16 4854478                    /lib/x86_64-linux-gnu/libm-2.27.so
7fd878b61000-7fd878b62000 r--p 0019c000 08:16 4854478                    /lib/x86_64-linux-gnu/libm-2.27.so
7fd878b62000-7fd878b63000 rw-p 0019d000 08:16 4854478                    /lib/x86_64-linux-gnu/libm-2.27.so
7fd878b63000-7fd878cdc000 r-xp 00000000 08:16 1974867                    /usr/lib/x86_64-linux-gnu/libstdc++.so.6.0.25
7fd878cdc000-7fd878edc000 ---p 00179000 08:16 1974867                    /usr/lib/x86_64-linux-gnu/libstdc++.so.6.0.25
7fd878edc000-7fd878ee6000 r--p 00179000 08:16 1974867                    /usr/lib/x86_64-linux-gnu/libstdc++.so.6.0.25
7fd878ee6000-7fd878ee8000 rw-p 00183000 08:16 1974867                    /usr/lib/x86_64-linux-gnu/libstdc++.so.6.0.25
7fd878ee8000-7fd878eec000 rw-p 00000000 00:00 0 
7fd878eec000-7fd879e89000 r-xp 00000000 08:16 1971643                    /usr/lib/jvm/java-11-openjdk-amd64/lib/server/libjvm.so
7fd879e89000-7fd87a089000 ---p 00f9d000 08:16 1971643                    /usr/lib/jvm/java-11-openjdk-amd64/lib/server/libjvm.so
7fd87a089000-7fd87a14d000 r--p 00f9d000 08:16 1971643                    /usr/lib/jvm/java-11-openjdk-amd64/lib/server/libjvm.so
7fd87a14d000-7fd87a185000 rw-p 01061000 08:16 1971643                    /usr/lib/jvm/java-11-openjdk-amd64/lib/server/libjvm.so
7fd87a185000-7fd87a1ce000 rw-p 00000000 00:00 0 
7fd87a1ce000-7fd87a1e8000 r-xp 00000000 08:16 4854548                    /lib/x86_64-linux-gnu/libpthread-2.27.so
7fd87a1e8000-7fd87a3e7000 ---p 0001a000 08:16 4854548                    /lib/x86_64-linux-gnu/libpthread-2.27.so
7fd87a3e7000-7fd87a3e8000 r--p 00019000 08:16 4854548                    /lib/x86_64-linux-gnu/libpthread-2.27.so
7fd87a3e8000-7fd87a3e9000 rw-p 0001a000 08:16 4854548                    /lib/x86_64-linux-gnu/libpthread-2.27.so
7fd87a3e9000-7fd87a3ed000 rw-p 00000000 00:00 0 
7fd87a3ed000-7fd87a3f0000 r-xp 00000000 08:16 4854438                    /lib/x86_64-linux-gnu/libdl-2.27.so
7fd87a3f0000-7fd87a5ef000 ---p 00003000 08:16 4854438                    /lib/x86_64-linux-gnu/libdl-2.27.so
7fd87a5ef000-7fd87a5f0000 r--p 00002000 08:16 4854438                    /lib/x86_64-linux-gnu/libdl-2.27.so
7fd87a5f0000-7fd87a5f1000 rw-p 00003000 08:16 4854438                    /lib/x86_64-linux-gnu/libdl-2.27.so
7fd87a5f1000-7fd87a60d000 r-xp 00000000 08:16 4854589                    /lib/x86_64-linux-gnu/libz.so.1.2.11
7fd87a60d000-7fd87a80c000 ---p 0001c000 08:16 4854589                    /lib/x86_64-linux-gnu/libz.so.1.2.11
7fd87a80c000-7fd87a80d000 r--p 0001b000 08:16 4854589                    /lib/x86_64-linux-gnu/libz.so.1.2.11
7fd87a80d000-7fd87a80e000 rw-p 0001c000 08:16 4854589                    /lib/x86_64-linux-gnu/libz.so.1.2.11
7fd87a80e000-7fd87a9f5000 r-xp 00000000 08:16 4854415                    /lib/x86_64-linux-gnu/libc-2.27.so
7fd87a9f5000-7fd87abf5000 ---p 001e7000 08:16 4854415                    /lib/x86_64-linux-gnu/libc-2.27.so
7fd87abf5000-7fd87abf9000 r--p 001e7000 08:16 4854415                    /lib/x86_64-linux-gnu/libc-2.27.so
7fd87abf9000-7fd87abfb000 rw-p 001eb000 08:16 4854415                    /lib/x86_64-linux-gnu/libc-2.27.so
7fd87abfb000-7fd87abff000 rw-p 00000000 00:00 0 
7fd87abff000-7fd87ac0e000 r-xp 00000000 08:16 1971636                    /usr/lib/jvm/java-11-openjdk-amd64/lib/jli/libjli.so
7fd87ac0e000-7fd87ae0d000 ---p 0000f000 08:16 1971636                    /usr/lib/jvm/java-11-openjdk-amd64/lib/jli/libjli.so
7fd87ae0d000-7fd87ae0e000 r--p 0000e000 08:16 1971636                    /usr/lib/jvm/java-11-openjdk-amd64/lib/jli/libjli.so
7fd87ae0e000-7fd87ae0f000 rw-p 0000f000 08:16 1971636                    /usr/lib/jvm/java-11-openjdk-amd64/lib/jli/libjli.so
7fd87ae0f000-7fd87ae36000 r-xp 00000000 08:16 4854387                    /lib/x86_64-linux-gnu/ld-2.27.so
7fd87ae4e000-7fd87aeec000 rw-p 00000000 00:00 0 
7fd87aeec000-7fd87aeed000 r--p 00000000 08:16 2887436                    /usr/share/locale-langpack/en_GB/LC_MESSAGES/libc.mo
7fd87aeed000-7fd87af1b000 r--s 00267000 08:16 6293139                    /home/user/Dropbox/Mestrado/1_ano/2_semestre/SOCOF/.metadata/.plugins/com.anarsoft.plugin.sync.bug/agent_bootstrap.jar
7fd87af1b000-7fd87af1f000 ---p 00000000 00:00 0 
7fd87af1f000-7fd87b023000 rw-p 00000000 00:00 0 
7fd87b023000-7fd87b02a000 ---p 00000000 00:00 0 
7fd87b02a000-7fd87b032000 rw-s 00000000 08:16 5640190                    /tmp/hsperfdata_user/20274
7fd87b032000-7fd87b033000 ---p 00000000 00:00 0 
7fd87b033000-7fd87b034000 r--p 00000000 00:00 0 
7fd87b034000-7fd87b036000 rw-p 00000000 00:00 0 
7fd87b036000-7fd87b037000 r--p 00027000 08:16 4854387                    /lib/x86_64-linux-gnu/ld-2.27.so
7fd87b037000-7fd87b038000 rw-p 00028000 08:16 4854387                    /lib/x86_64-linux-gnu/ld-2.27.so
7fd87b038000-7fd87b039000 rw-p 00000000 00:00 0 
7ffc5ad33000-7ffc5ad54000 rw-p 00000000 00:00 0                          [stack]
7ffc5ad7f000-7ffc5ad82000 r--p 00000000 00:00 0                          [vvar]
7ffc5ad82000-7ffc5ad84000 r-xp 00000000 00:00 0                          [vdso]
ffffffffff600000-ffffffffff601000 r-xp 00000000 00:00 0                  [vsyscall]


VM Arguments:
jvm_args: -javaagent:/home/user/Dropbox/Mestrado/1_ano/2_semestre/SOCOF/.metadata/.plugins/com.anarsoft.plugin.sync.bug/agent.jar -Dfile.encoding=UTF-8 --module-path=/home/user/Dropbox/Mestrado/1_ano/2_semestre/SOCOF/pl3/bin -Djdk.module.main=pl3 
java_command: pl3/pl3.main
java_class_path (initial): <not set>
Launcher Type: SUN_STANDARD

Logging:
Log output configuration:
#0: stdout all=warning uptime,level,tags
#1: stderr all=off uptime,level,tags

Environment Variables:
JAVA_HOME=/usr/lib/jvm/java-8-oracle
PATH=/usr/local/sbin:/usr/local/bin:/usr/sbin:/usr/bin:/sbin:/bin:/usr/games:/usr/local/games:/snap/bin
SHELL=/bin/bash
DISPLAY=:0

Signal Handlers:
SIGSEGV: [libjvm.so+0xd28b70], sa_mask[0]=11111111011111111101111111111110, sa_flags=SA_RESTART|SA_SIGINFO
SIGBUS: [libjvm.so+0xd28b70], sa_mask[0]=11111111011111111101111111111110, sa_flags=SA_RESTART|SA_SIGINFO
SIGFPE: [libjvm.so+0xd28b70], sa_mask[0]=11111111011111111101111111111110, sa_flags=SA_RESTART|SA_SIGINFO
SIGPIPE: [libjvm.so+0xb2a1f0], sa_mask[0]=11111111011111111101111111111110, sa_flags=SA_RESTART|SA_SIGINFO
SIGXFSZ: [libjvm.so+0xb2a1f0], sa_mask[0]=11111111011111111101111111111110, sa_flags=SA_RESTART|SA_SIGINFO
SIGILL: [libjvm.so+0xd28b70], sa_mask[0]=11111111011111111101111111111110, sa_flags=SA_RESTART|SA_SIGINFO
SIGUSR2: [libjvm.so+0xb2a030], sa_mask[0]=00100000000000000000000000000000, sa_flags=SA_RESTART|SA_SIGINFO
SIGHUP: [libjvm.so+0xb2a180], sa_mask[0]=11111111011111111101111111111110, sa_flags=SA_RESTART|SA_SIGINFO
SIGINT: [libjvm.so+0xb2a180], sa_mask[0]=11111111011111111101111111111110, sa_flags=SA_RESTART|SA_SIGINFO
SIGTERM: [libjvm.so+0xb2a180], sa_mask[0]=11111111011111111101111111111110, sa_flags=SA_RESTART|SA_SIGINFO
SIGQUIT: [libjvm.so+0xb2a180], sa_mask[0]=11111111011111111101111111111110, sa_flags=SA_RESTART|SA_SIGINFO


---------------  S Y S T E M  ---------------

OS:DISTRIB_ID=LinuxMint
DISTRIB_RELEASE=19.1
DISTRIB_CODENAME=tessa
DISTRIB_DESCRIPTION="Linux Mint 19.1 Tessa"
uname:Linux 4.15.0-20-generic #21-Ubuntu SMP Tue Apr 24 06:16:15 UTC 2018 x86_64
libc:glibc 2.27 NPTL 2.27 
rlimit: STACK 8192k, CORE 0k, NPROC 31295, NOFILE 1048576, AS infinity, DATA infinity, FSIZE infinity
load average:4.37 10.29 10.60

/proc/meminfo:
MemTotal:        8074528 kB
MemFree:          202568 kB
MemAvailable:    3293176 kB
Buffers:          492500 kB
Cached:          2826408 kB
SwapCached:            0 kB
Active:          5969156 kB
Inactive:        1476188 kB
Active(anon):    4112720 kB
Inactive(anon):   148792 kB
Active(file):    1856436 kB
Inactive(file):  1327396 kB
Unevictable:         224 kB
Mlocked:             224 kB
SwapTotal:       8201208 kB
SwapFree:        8201208 kB
Dirty:              2032 kB
Writeback:             0 kB
AnonPages:       4126740 kB
Mapped:           644308 kB
Shmem:            135272 kB
Slab:             274848 kB
SReclaimable:     216952 kB
SUnreclaim:        57896 kB
KernelStack:       16000 kB
PageTables:        63608 kB
NFS_Unstable:          0 kB
Bounce:                0 kB
WritebackTmp:          0 kB
CommitLimit:    12238472 kB
Committed_AS:   10759164 kB
VmallocTotal:   34359738367 kB
VmallocUsed:           0 kB
VmallocChunk:          0 kB
HardwareCorrupted:     0 kB
AnonHugePages:         0 kB
ShmemHugePages:        0 kB
ShmemPmdMapped:        0 kB
CmaTotal:              0 kB
CmaFree:               0 kB
HugePages_Total:       0
HugePages_Free:        0
HugePages_Rsvd:        0
HugePages_Surp:        0
Hugepagesize:       2048 kB
DirectMap4k:      234412 kB
DirectMap2M:     7012352 kB
DirectMap1G:     2097152 kB

container (cgroup) information:
container_type: cgroupv1
cpu_cpuset_cpus: 0-7
cpu_memory_nodes: 0
active_processor_count: 8
cpu_quota: -1
cpu_period: 100000
cpu_shares: -1
memory_limit_in_bytes: -1
memory_and_swap_limit_in_bytes: -2
memory_soft_limit_in_bytes: -1
memory_usage_in_bytes: 7624798208
memory_max_usage_in_bytes: 0


CPU:total 8 (initial active 8) (4 cores per cpu, 2 threads per core) family 6 model 94 stepping 3, cmov, cx8, fxsr, mmx, sse, sse2, sse3, ssse3, sse4.1, sse4.2, popcnt, avx, avx2, aes, clmul, erms, rtm, 3dnowpref, lzcnt, ht, tsc, tscinvbit, bmi1, bmi2, adx, fma
CPU Model and flags from /proc/cpuinfo:
model name	: Intel(R) Core(TM) i7-6700HQ CPU @ 2.60GHz
flags		: fpu vme de pse tsc msr pae mce cx8 apic sep mtrr pge mca cmov pat pse36 clflush dts acpi mmx fxsr sse sse2 ss ht tm pbe syscall nx pdpe1gb rdtscp lm constant_tsc art arch_perfmon pebs bts rep_good nopl xtopology nonstop_tsc cpuid aperfmperf tsc_known_freq pni pclmulqdq dtes64 monitor ds_cpl vmx est tm2 ssse3 sdbg fma cx16 xtpr pdcm pcid sse4_1 sse4_2 x2apic movbe popcnt aes xsave avx f16c rdrand lahf_lm abm 3dnowprefetch cpuid_fault epb invpcid_single pti tpr_shadow vnmi flexpriority ept vpid fsgsbase tsc_adjust bmi1 hle avx2 smep bmi2 erms invpcid rtm mpx rdseed adx smap clflushopt intel_pt xsaveopt xsavec xgetbv1 xsaves dtherm ida arat pln pts hwp hwp_notify hwp_act_window hwp_epp

Memory: 4k page, physical 8074528k(202568k free), swap 8201208k(8201208k free)

vm_info: OpenJDK 64-Bit Server VM (10.0.2+13-Ubuntu-1ubuntu0.18.04.4) for linux-amd64 JRE (10.0.2+13-Ubuntu-1ubuntu0.18.04.4), built on Nov 13 2018 12:53:39 by "buildd" with gcc 7.3.0

END.
